#
# There is insufficient memory for the Java Runtime Environment to continue.
# Native memory allocation (mmap) failed to map 260046848 bytes for committing reserved memory.
# Possible reasons:
#   The system is out of physical RAM or swap space
#   The process is running with CompressedOops enabled, and the Java Heap may be blocking the growth of the native heap
# Possible solutions:
#   Reduce memory load on the system
#   Increase physical memory or swap space
#   Check if swap backing store is full
#   Decrease Java heap size (-Xmx/-Xms)
#   Decrease number of Java threads
#   Decrease Java thread stack sizes (-Xss)
#   Set larger code cache with -XX:ReservedCodeCacheSize=
# This output file may be truncated or incomplete.
#
#  Out of Memory Error (os_linux.cpp:2922), pid=8771, tid=8771
#
# JRE version:  (11.0.9+11) (build )
# Java VM: OpenJDK 64-Bit Server VM (11.0.9+11-Ubuntu-0ubuntu1.18.04.1, mixed mode, sharing, tiered, compressed oops, g1 gc, linux-amd64)
# Core dump will be written. Default location: Core dumps may be processed with "/usr/share/apport/apport %p %s %c %d %P %E" (or dumping to /home/herzs/Exam_1/core.8771)
#

---------------  S U M M A R Y ------------

Command Line: -Xrs -Djava.system.class.loader=org.octave.OctClassLoader 

Host: Intel(R) Xeon(R) Platinum 8151 CPU @ 3.40GHz, 2 cores, 15G, Ubuntu 18.04.4 LTS
Time: Thu Oct 29 23:13:21 2020 UTC elapsed time: 0.034241 seconds (0d 0h 0m 0s)

---------------  T H R E A D  ---------------

Current thread (0x0000561afeec5000):  JavaThread "Unknown thread" [_thread_in_vm, id=8771, stack(0x00007fff44bbc000,0x00007fff44cbc000)]

Stack: [0x00007fff44bbc000,0x00007fff44cbc000],  sp=0x00007fff44cb19b0,  free space=982k
Native frames: (J=compiled Java code, A=aot compiled Java code, j=interpreted, Vv=VM code, C=native code)
V  [libjvm.so+0xe1a8f9]
V  [libjvm.so+0xe1b58b]
V  [libjvm.so+0x65f7f5]
V  [libjvm.so+0xbf0e38]
V  [libjvm.so+0xbe78ed]
V  [libjvm.so+0x77e8bf]
V  [libjvm.so+0x77eb2e]
V  [libjvm.so+0x78adf0]
V  [libjvm.so+0x8071d9]
V  [libjvm.so+0x807e32]
V  [libjvm.so+0x808299]
V  [libjvm.so+0x73c2cf]
V  [libjvm.so+0x73c9bd]
V  [libjvm.so+0xdd4b02]
V  [libjvm.so+0xdd4d96]
V  [libjvm.so+0x82ab67]
V  [libjvm.so+0xdabe8f]
V  [libjvm.so+0x8e46c1]  JNI_CreateJavaVM+0x51


---------------  P R O C E S S  ---------------

Threads class SMR info:
_java_thread_list=0x0000561afee7dae0, length=0, elements={
}

Java Threads: ( => current thread )

Other Threads:
  0x0000561afeeda800 GCTaskThread "GC Thread#0" [stack: 0x00007f46d4f2e000,0x00007f46d502e000] [id=8773]
  0x0000561afef37800 ConcurrentGCThread "G1 Main Marker" [stack: 0x00007f46d43f6000,0x00007f46d44f6000] [id=8774]
  0x0000561afef39000 ConcurrentGCThread "G1 Conc#0" [stack: 0x00007f46d42f4000,0x00007f46d43f4000] [id=8775]

[error occurred during error reporting (printing all threads), id 0xb, SIGSEGV (0xb) at pc=0x00007f46ed909760]

VM state:not at safepoint (not fully initialized)

VM Mutex/Monitor currently owned by a thread:  ([mutex/lock_event])
[0x0000561afeec3e40] Heap_lock - owner thread: 0x0000561afeec5000

Heap address: 0x0000000709e00000, size: 3938 MB, Compressed Oops mode: Non-zero based: 0x0000000709e00000
Narrow klass base: 0x0000000000000000, Narrow klass shift: 0

GC Heap History (0 events):
No events

Deoptimization events (0 events):
No events

Classes redefined (0 events):
No events

Internal exceptions (0 events):
No events

Events (2 events):
Event: 0.006 Protecting memory [0x00007fff44bbc000,0x00007fff44bc0000] with protection modes 0
Event: 0.007 Loaded shared library /usr/lib/jvm/java-11-openjdk-amd64/lib/libzip.so


Dynamic libraries:
719600000-800000000 ---p 00000000 00:00 0 
561afcf7e000-561afcf80000 r-xp 00000000 103:02 70667                     /usr/bin/octave-cli
561afd17f000-561afd180000 r--p 00001000 103:02 70667                     /usr/bin/octave-cli
561afd180000-561afd181000 rw-p 00002000 103:02 70667                     /usr/bin/octave-cli
561afe899000-561afef5f000 rw-p 00000000 00:00 0                          [heap]
7f46b8000000-7f46b8021000 rw-p 00000000 00:00 0 
7f46b8021000-7f46bc000000 ---p 00000000 00:00 0 
7f46c0000000-7f46c0021000 rw-p 00000000 00:00 0 
7f46c0021000-7f46c4000000 ---p 00000000 00:00 0 
7f46c558e000-7f46c758e000 rw-p 00000000 00:00 0 
7f46c758e000-7f46d0000000 ---p 00000000 00:00 0 
7f46d0000000-7f46d0021000 rw-p 00000000 00:00 0 
7f46d0021000-7f46d4000000 ---p 00000000 00:00 0 
7f46d40f0000-7f46d42f2000 rw-p 00000000 00:00 0 
7f46d42f2000-7f46d42f3000 ---p 00000000 00:00 0 
7f46d42f3000-7f46d43f4000 rw-p 00000000 00:00 0 
7f46d43f4000-7f46d43f5000 ---p 00000000 00:00 0 
7f46d43f5000-7f46d4579000 rw-p 00000000 00:00 0 
7f46d4579000-7f46d4d2a000 ---p 00000000 00:00 0 
7f46d4d2a000-7f46d4f2c000 rw-p 00000000 00:00 0 
7f46d4f2c000-7f46d4f2d000 ---p 00000000 00:00 0 
7f46d4f2d000-7f46d5033000 rw-p 00000000 00:00 0 
7f46d5033000-7f46d5119000 ---p 00000000 00:00 0 
7f46d5119000-7f46d511e000 rw-p 00000000 00:00 0 
7f46d511e000-7f46d5204000 ---p 00000000 00:00 0 
7f46d5204000-7f46d5474000 rwxp 00000000 00:00 0 
7f46d5474000-7f46d5793000 ---p 00000000 00:00 0 
7f46d5793000-7f46d5a03000 rwxp 00000000 00:00 0 
7f46d5a03000-7f46dcccb000 ---p 00000000 00:00 0 
7f46dcccb000-7f46dcf3b000 rwxp 00000000 00:00 0 
7f46dcf3b000-7f46e4204000 ---p 00000000 00:00 0 
7f46e4204000-7f46e420b000 r-xp 00000000 103:02 582607                    /usr/lib/jvm/java-11-openjdk-amd64/lib/libzip.so
7f46e420b000-7f46e440a000 ---p 00007000 103:02 582607                    /usr/lib/jvm/java-11-openjdk-amd64/lib/libzip.so
7f46e440a000-7f46e440b000 r--p 00006000 103:02 582607                    /usr/lib/jvm/java-11-openjdk-amd64/lib/libzip.so
7f46e440b000-7f46e440c000 rw-p 00007000 103:02 582607                    /usr/lib/jvm/java-11-openjdk-amd64/lib/libzip.so
7f46e440c000-7f46ecb73000 r--s 00000000 103:02 582608                    /usr/lib/jvm/java-11-openjdk-amd64/lib/modules
7f46ecb73000-7f46ecb78000 r-xp 00000000 103:02 582590                    /usr/lib/jvm/java-11-openjdk-amd64/lib/libjimage.so
7f46ecb78000-7f46ecd77000 ---p 00005000 103:02 582590                    /usr/lib/jvm/java-11-openjdk-amd64/lib/libjimage.so
7f46ecd77000-7f46ecd78000 r--p 00004000 103:02 582590                    /usr/lib/jvm/java-11-openjdk-amd64/lib/libjimage.so
7f46ecd78000-7f46ecd79000 rw-p 00005000 103:02 582590                    /usr/lib/jvm/java-11-openjdk-amd64/lib/libjimage.so
7f46ecd79000-7f46ecda2000 r-xp 00000000 103:02 582586                    /usr/lib/jvm/java-11-openjdk-amd64/lib/libjava.so
7f46ecda2000-7f46ecfa2000 ---p 00029000 103:02 582586                    /usr/lib/jvm/java-11-openjdk-amd64/lib/libjava.so
7f46ecfa2000-7f46ecfa3000 r--p 00029000 103:02 582586                    /usr/lib/jvm/java-11-openjdk-amd64/lib/libjava.so
7f46ecfa3000-7f46ecfa4000 rw-p 0002a000 103:02 582586                    /usr/lib/jvm/java-11-openjdk-amd64/lib/libjava.so
7f46ecfa4000-7f46ecfa5000 rw-p 00000000 00:00 0 
7f46ecfa5000-7f46ecfb2000 r-xp 00000000 103:02 582606                    /usr/lib/jvm/java-11-openjdk-amd64/lib/libverify.so
7f46ecfb2000-7f46ed1b1000 ---p 0000d000 103:02 582606                    /usr/lib/jvm/java-11-openjdk-amd64/lib/libverify.so
7f46ed1b1000-7f46ed1b3000 r--p 0000c000 103:02 582606                    /usr/lib/jvm/java-11-openjdk-amd64/lib/libverify.so
7f46ed1b3000-7f46ed1b4000 rw-p 0000e000 103:02 582606                    /usr/lib/jvm/java-11-openjdk-amd64/lib/libverify.so
7f46ed1b4000-7f46ee2b8000 r-xp 00000000 103:02 582611                    /usr/lib/jvm/java-11-openjdk-amd64/lib/server/libjvm.so
7f46ee2b8000-7f46ee4b7000 ---p 01104000 103:02 582611                    /usr/lib/jvm/java-11-openjdk-amd64/lib/server/libjvm.so
7f46ee4b7000-7f46ee574000 r--p 01103000 103:02 582611                    /usr/lib/jvm/java-11-openjdk-amd64/lib/server/libjvm.so
7f46ee574000-7f46ee5ad000 rw-p 011c0000 103:02 582611                    /usr/lib/jvm/java-11-openjdk-amd64/lib/server/libjvm.so
7f46ee5ad000-7f46ee604000 rw-p 00000000 00:00 0 
7f46ee604000-7f46ee616000 r-xp 00000000 103:02 567747                    /usr/lib/x86_64-linux-gnu/octave/4.2.2/oct/x86_64-pc-linux-gnu/__init_gnuplot__.oct
7f46ee616000-7f46ee816000 ---p 00012000 103:02 567747                    /usr/lib/x86_64-linux-gnu/octave/4.2.2/oct/x86_64-pc-linux-gnu/__init_gnuplot__.oct
7f46ee816000-7f46ee817000 r--p 00012000 103:02 567747                    /usr/lib/x86_64-linux-gnu/octave/4.2.2/oct/x86_64-pc-linux-gnu/__init_gnuplot__.oct
7f46ee817000-7f46ee818000 rw-p 00013000 103:02 567747                    /usr/lib/x86_64-linux-gnu/octave/4.2.2/oct/x86_64-pc-linux-gnu/__init_gnuplot__.oct
7f46ee818000-7f46f0819000 rw-p 00000000 00:00 0 
7f46f0819000-7f46f0824000 r-xp 00000000 103:02 55372                     /lib/x86_64-linux-gnu/libnss_files-2.27.so
7f46f0824000-7f46f0a23000 ---p 0000b000 103:02 55372                     /lib/x86_64-linux-gnu/libnss_files-2.27.so
7f46f0a23000-7f46f0a24000 r--p 0000a000 103:02 55372                     /lib/x86_64-linux-gnu/libnss_files-2.27.so
7f46f0a24000-7f46f0a25000 rw-p 0000b000 103:02 55372                     /lib/x86_64-linux-gnu/libnss_files-2.27.so
7f46f0a25000-7f46f0a2b000 rw-p 00000000 00:00 0 
7f46f0a2b000-7f46f0a42000 r-xp 00000000 103:02 55356                     /lib/x86_64-linux-gnu/libnsl-2.27.so
7f46f0a42000-7f46f0c41000 ---p 00017000 103:02 55356                     /lib/x86_64-linux-gnu/libnsl-2.27.so
7f46f0c41000-7f46f0c42000 r--p 00016000 103:02 55356                     /lib/x86_64-linux-gnu/libnsl-2.27.so
7f46f0c42000-7f46f0c43000 rw-p 00017000 103:02 55356                     /lib/x86_64-linux-gnu/libnsl-2.27.so
7f46f0c43000-7f46f0c45000 rw-p 00000000 00:00 0 
7f46f0c45000-7f46f0c50000 r-xp 00000000 103:02 55380                     /lib/x86_64-linux-gnu/libnss_nis-2.27.so
7f46f0c50000-7f46f0e4f000 ---p 0000b000 103:02 55380                     /lib/x86_64-linux-gnu/libnss_nis-2.27.so
7f46f0e4f000-7f46f0e50000 r--p 0000a000 103:02 55380                     /lib/x86_64-linux-gnu/libnss_nis-2.27.so
7f46f0e50000-7f46f0e51000 rw-p 0000b000 103:02 55380                     /lib/x86_64-linux-gnu/libnss_nis-2.27.so
7f46f0e51000-7f46f0e59000 r-xp 00000000 103:02 55357                     /lib/x86_64-linux-gnu/libnss_compat-2.27.so
7f46f0e59000-7f46f1059000 ---p 00008000 103:02 55357                     /lib/x86_64-linux-gnu/libnss_compat-2.27.so
7f46f1059000-7f46f105a000 r--p 00008000 103:02 55357                     /lib/x86_64-linux-gnu/libnss_compat-2.27.so
7f46f105a000-7f46f105b000 rw-p 00009000 103:02 55357                     /lib/x86_64-linux-gnu/libnss_compat-2.27.so
7f46f105b000-7f46f305b000 rw-p 00000000 00:00 0 
7f46f305b000-7f46f305c000 ---p 00000000 00:00 0 
7f46f305c000-7f46f385c000 rw-p 00000000 00:00 0 
7f46f385c000-7f46f3865000 r-xp 00000000 103:02 19839                     /lib/x86_64-linux-gnu/libcrypt-2.27.so
7f46f3865000-7f46f3a64000 ---p 00009000 103:02 19839                     /lib/x86_64-linux-gnu/libcrypt-2.27.so
7f46f3a64000-7f46f3a65000 r--p 00008000 103:02 19839                     /lib/x86_64-linux-gnu/libcrypt-2.27.so
7f46f3a65000-7f46f3a66000 rw-p 00009000 103:02 19839                     /lib/x86_64-linux-gnu/libcrypt-2.27.so
7f46f3a66000-7f46f3a94000 rw-p 00000000 00:00 0 
7f46f3a94000-7f46f3b98000 r-xp 00000000 103:02 16464                     /usr/lib/x86_64-linux-gnu/libsqlite3.so.0.8.6
7f46f3b98000-7f46f3d97000 ---p 00104000 103:02 16464                     /usr/lib/x86_64-linux-gnu/libsqlite3.so.0.8.6
7f46f3d97000-7f46f3d9a000 r--p 00103000 103:02 16464                     /usr/lib/x86_64-linux-gnu/libsqlite3.so.0.8.6
7f46f3d9a000-7f46f3d9c000 rw-p 00106000 103:02 16464                     /usr/lib/x86_64-linux-gnu/libsqlite3.so.0.8.6
7f46f3d9c000-7f46f3d9d000 rw-p 00000000 00:00 0 
7f46f3d9d000-7f46f3de3000 r-xp 00000000 103:02 6391                      /usr/lib/x86_64-linux-gnu/libhx509.so.5.0.0
7f46f3de3000-7f46f3fe2000 ---p 00046000 103:02 6391                      /usr/lib/x86_64-linux-gnu/libhx509.so.5.0.0
7f46f3fe2000-7f46f3fe5000 r--p 00045000 103:02 6391                      /usr/lib/x86_64-linux-gnu/libhx509.so.5.0.0
7f46f3fe5000-7f46f3fe6000 rw-p 00048000 103:02 6391                      /usr/lib/x86_64-linux-gnu/libhx509.so.5.0.0
7f46f3fe6000-7f46f3fe7000 rw-p 00000000 00:00 0 
7f46f3fe7000-7f46f3ff5000 r-xp 00000000 103:02 6385                      /usr/lib/x86_64-linux-gnu/libheimbase.so.1.0.0
7f46f3ff5000-7f46f41f4000 ---p 0000e000 103:02 6385                      /usr/lib/x86_64-linux-gnu/libheimbase.so.1.0.0
7f46f41f4000-7f46f41f5000 r--p 0000d000 103:02 6385                      /usr/lib/x86_64-linux-gnu/libheimbase.so.1.0.0
7f46f41f5000-7f46f41f6000 rw-p 0000e000 103:02 6385                      /usr/lib/x86_64-linux-gnu/libheimbase.so.1.0.0
7f46f41f6000-7f46f421e000 r-xp 00000000 103:02 6389                      /usr/lib/x86_64-linux-gnu/libwind.so.0.0.0
7f46f421e000-7f46f441d000 ---p 00028000 103:02 6389                      /usr/lib/x86_64-linux-gnu/libwind.so.0.0.0
7f46f441d000-7f46f441e000 r--p 00027000 103:02 6389                      /usr/lib/x86_64-linux-gnu/libwind.so.0.0.0
7f46f441e000-7f46f441f000 rw-p 00028000 103:02 6389                      /usr/lib/x86_64-linux-gnu/libwind.so.0.0.0
7f46f441f000-7f46f4434000 r-xp 00000000 103:02 6381                      /usr/lib/x86_64-linux-gnu/libroken.so.18.1.0
7f46f4434000-7f46f4633000 ---p 00015000 103:02 6381                      /usr/lib/x86_64-linux-gnu/libroken.so.18.1.0
7f46f4633000-7f46f4634000 r--p 00014000 103:02 6381                      /usr/lib/x86_64-linux-gnu/libroken.so.18.1.0
7f46f4634000-7f46f4635000 rw-p 00015000 103:02 6381                      /usr/lib/x86_64-linux-gnu/libroken.so.18.1.0
7f46f4635000-7f46f4668000 r-xp 00000000 103:02 6387                      /usr/lib/x86_64-linux-gnu/libhcrypto.so.4.1.0
7f46f4668000-7f46f4867000 ---p 00033000 103:02 6387                      /usr/lib/x86_64-linux-gnu/libhcrypto.so.4.1.0
7f46f4867000-7f46f4869000 r--p 00032000 103:02 6387                      /usr/lib/x86_64-linux-gnu/libhcrypto.so.4.1.0
7f46f4869000-7f46f486a000 rw-p 00034000 103:02 6387                      /usr/lib/x86_64-linux-gnu/libhcrypto.so.4.1.0
7f46f486a000-7f46f486b000 rw-p 00000000 00:00 0 
7f46f486b000-7f46f4909000 r-xp 00000000 103:02 6383                      /usr/lib/x86_64-linux-gnu/libasn1.so.8.0.0
7f46f4909000-7f46f4b09000 ---p 0009e000 103:02 6383                      /usr/lib/x86_64-linux-gnu/libasn1.so.8.0.0
7f46f4b09000-7f46f4b0a000 r--p 0009e000 103:02 6383                      /usr/lib/x86_64-linux-gnu/libasn1.so.8.0.0
7f46f4b0a000-7f46f4b0d000 rw-p 0009f000 103:02 6383                      /usr/lib/x86_64-linux-gnu/libasn1.so.8.0.0
7f46f4b0d000-7f46f4b94000 r-xp 00000000 103:02 6393                      /usr/lib/x86_64-linux-gnu/libkrb5.so.26.0.0
7f46f4b94000-7f46f4d93000 ---p 00087000 103:02 6393                      /usr/lib/x86_64-linux-gnu/libkrb5.so.26.0.0
7f46f4d93000-7f46f4d97000 r--p 00086000 103:02 6393                      /usr/lib/x86_64-linux-gnu/libkrb5.so.26.0.0
7f46f4d97000-7f46f4d99000 rw-p 0008a000 103:02 6393                      /usr/lib/x86_64-linux-gnu/libkrb5.so.26.0.0
7f46f4d99000-7f46f4d9a000 rw-p 00000000 00:00 0 
7f46f4d9a000-7f46f4da2000 r-xp 00000000 103:02 6395                      /usr/lib/x86_64-linux-gnu/libheimntlm.so.0.1.0
7f46f4da2000-7f46f4fa1000 ---p 00008000 103:02 6395                      /usr/lib/x86_64-linux-gnu/libheimntlm.so.0.1.0
7f46f4fa1000-7f46f4fa2000 r--p 00007000 103:02 6395                      /usr/lib/x86_64-linux-gnu/libheimntlm.so.0.1.0
7f46f4fa2000-7f46f4fa3000 rw-p 00008000 103:02 6395                      /usr/lib/x86_64-linux-gnu/libheimntlm.so.0.1.0
7f46f4fa3000-7f46f4fa6000 r-xp 00000000 103:02 2259                      /lib/x86_64-linux-gnu/libkeyutils.so.1.5
7f46f4fa6000-7f46f51a5000 ---p 00003000 103:02 2259                      /lib/x86_64-linux-gnu/libkeyutils.so.1.5
7f46f51a5000-7f46f51a6000 r--p 00002000 103:02 2259                      /lib/x86_64-linux-gnu/libkeyutils.so.1.5
7f46f51a6000-7f46f51a7000 rw-p 00003000 103:02 2259                      /lib/x86_64-linux-gnu/libkeyutils.so.1.5
7f46f51a7000-7f46f51ae000 r-xp 00000000 103:02 6226                      /usr/lib/x86_64-linux-gnu/libffi.so.6.0.4
7f46f51ae000-7f46f53ad000 ---p 00007000 103:02 6226                      /usr/lib/x86_64-linux-gnu/libffi.so.6.0.4
7f46f53ad000-7f46f53ae000 r--p 00006000 103:02 6226                      /usr/lib/x86_64-linux-gnu/libffi.so.6.0.4
7f46f53ae000-7f46f53af000 rw-p 00007000 103:02 6226                      /usr/lib/x86_64-linux-gnu/libffi.so.6.0.4
7f46f53af000-7f46f53c2000 r-xp 00000000 103:02 2224                      /lib/x86_64-linux-gnu/libbsd.so.0.8.7
7f46f53c2000-7f46f55c1000 ---p 00013000 103:02 2224                      /lib/x86_64-linux-gnu/libbsd.so.0.8.7
7f46f55c1000-7f46f55c2000 r--p 00012000 103:02 2224                      /lib/x86_64-linux-gnu/libbsd.so.0.8.7
7f46f55c2000-7f46f55c3000 rw-p 00013000 103:02 2224                      /lib/x86_64-linux-gnu/libbsd.so.0.8.7
7f46f55c3000-7f46f55c4000 rw-p 00000000 00:00 0 
7f46f55c4000-7f46f6f6c000 r-xp 00000000 103:02 6198                      /usr/lib/x86_64-linux-gnu/libicudata.so.60.2
7f46f6f6c000-7f46f716b000 ---p 019a8000 103:02 6198                      /usr/lib/x86_64-linux-gnu/libicudata.so.60.2
7f46f716b000-7f46f716c000 r--p 019a7000 103:02 6198                      /usr/lib/x86_64-linux-gnu/libicudata.so.60.2
7f46f716c000-7f46f716d000 rw-p 019a8000 103:02 6198                      /usr/lib/x86_64-linux-gnu/libicudata.so.60.2
7f46f716d000-7f46f71aa000 r-xp 00000000 103:02 6397                      /usr/lib/x86_64-linux-gnu/libgssapi.so.3.0.0
7f46f71aa000-7f46f73aa000 ---p 0003d000 103:02 6397                      /usr/lib/x86_64-linux-gnu/libgssapi.so.3.0.0
7f46f73aa000-7f46f73ac000 r--p 0003d000 103:02 6397                      /usr/lib/x86_64-linux-gnu/libgssapi.so.3.0.0
7f46f73ac000-7f46f73ae000 rw-p 0003f000 103:02 6397                      /usr/lib/x86_64-linux-gnu/libgssapi.so.3.0.0
7f46f73ae000-7f46f73c7000 r-xp 00000000 103:02 6421                      /usr/lib/x86_64-linux-gnu/libsasl2.so.2.0.25
7f46f73c7000-7f46f75c7000 ---p 00019000 103:02 6421                      /usr/lib/x86_64-linux-gnu/libsasl2.so.2.0.25
7f46f75c7000-7f46f75c8000 r--p 00019000 103:02 6421                      /usr/lib/x86_64-linux-gnu/libsasl2.so.2.0.25
7f46f75c8000-7f46f75c9000 rw-p 0001a000 103:02 6421                      /usr/lib/x86_64-linux-gnu/libsasl2.so.2.0.25
7f46f75c9000-7f46f75e0000 r-xp 00000000 103:02 55384                     /lib/x86_64-linux-gnu/libresolv-2.27.so
7f46f75e0000-7f46f77e0000 ---p 00017000 103:02 55384                     /lib/x86_64-linux-gnu/libresolv-2.27.so
7f46f77e0000-7f46f77e1000 r--p 00017000 103:02 55384                     /lib/x86_64-linux-gnu/libresolv-2.27.so
7f46f77e1000-7f46f77e2000 rw-p 00018000 103:02 55384                     /lib/x86_64-linux-gnu/libresolv-2.27.so
7f46f77e2000-7f46f77e4000 rw-p 00000000 00:00 0 
7f46f77e4000-7f46f77ee000 r-xp 00000000 103:02 6313                      /usr/lib/x86_64-linux-gnu/libkrb5support.so.0.1
7f46f77ee000-7f46f79ed000 ---p 0000a000 103:02 6313                      /usr/lib/x86_64-linux-gnu/libkrb5support.so.0.1
7f46f79ed000-7f46f79ee000 r--p 00009000 103:02 6313                      /usr/lib/x86_64-linux-gnu/libkrb5support.so.0.1
7f46f79ee000-7f46f79ef000 rw-p 0000a000 103:02 6313                      /usr/lib/x86_64-linux-gnu/libkrb5support.so.0.1
7f46f79ef000-7f46f79f2000 r-xp 00000000 103:02 2234                      /lib/x86_64-linux-gnu/libcom_err.so.2.1
7f46f79f2000-7f46f7bf1000 ---p 00003000 103:02 2234                      /lib/x86_64-linux-gnu/libcom_err.so.2.1
7f46f7bf1000-7f46f7bf2000 r--p 00002000 103:02 2234                      /lib/x86_64-linux-gnu/libcom_err.so.2.1
7f46f7bf2000-7f46f7bf3000 rw-p 00003000 103:02 2234                      /lib/x86_64-linux-gnu/libcom_err.so.2.1
7f46f7bf3000-7f46f7c21000 r-xp 00000000 103:02 6315                      /usr/lib/x86_64-linux-gnu/libk5crypto.so.3.1
7f46f7c21000-7f46f7e21000 ---p 0002e000 103:02 6315                      /usr/lib/x86_64-linux-gnu/libk5crypto.so.3.1
7f46f7e21000-7f46f7e23000 r--p 0002e000 103:02 6315                      /usr/lib/x86_64-linux-gnu/libk5crypto.so.3.1
7f46f7e23000-7f46f7e24000 rw-p 00030000 103:02 6315                      /usr/lib/x86_64-linux-gnu/libk5crypto.so.3.1
7f46f7e24000-7f46f7e25000 rw-p 00000000 00:00 0 
7f46f7e25000-7f46f7eeb000 r-xp 00000000 103:02 6317                      /usr/lib/x86_64-linux-gnu/libkrb5.so.3.3
7f46f7eeb000-7f46f80eb000 ---p 000c6000 103:02 6317                      /usr/lib/x86_64-linux-gnu/libkrb5.so.3.3
7f46f80eb000-7f46f80f9000 r--p 000c6000 103:02 6317                      /usr/lib/x86_64-linux-gnu/libkrb5.so.3.3
7f46f80f9000-7f46f80fb000 rw-p 000d4000 103:02 6317                      /usr/lib/x86_64-linux-gnu/libkrb5.so.3.3
7f46f80fb000-7f46f810c000 r-xp 00000000 103:02 6264                      /usr/lib/x86_64-linux-gnu/libtasn1.so.6.5.5
7f46f810c000-7f46f830c000 ---p 00011000 103:02 6264                      /usr/lib/x86_64-linux-gnu/libtasn1.so.6.5.5
7f46f830c000-7f46f830d000 r--p 00011000 103:02 6264                      /usr/lib/x86_64-linux-gnu/libtasn1.so.6.5.5
7f46f830d000-7f46f830e000 rw-p 00012000 103:02 6264                      /usr/lib/x86_64-linux-gnu/libtasn1.so.6.5.5
7f46f830e000-7f46f8428000 r-xp 00000000 103:02 6260                      /usr/lib/x86_64-linux-gnu/libp11-kit.so.0.3.0
7f46f8428000-7f46f8628000 ---p 0011a000 103:02 6260                      /usr/lib/x86_64-linux-gnu/libp11-kit.so.0.3.0
7f46f8628000-7f46f8632000 r--p 0011a000 103:02 6260                      /usr/lib/x86_64-linux-gnu/libp11-kit.so.0.3.0
7f46f8632000-7f46f863c000 rw-p 00124000 103:02 6260                      /usr/lib/x86_64-linux-gnu/libp11-kit.so.0.3.0
7f46f863c000-7f46f863d000 rw-p 00000000 00:00 0 
7f46f863d000-7f46f86bc000 r-xp 00000000 103:02 6235                      /usr/lib/x86_64-linux-gnu/libgmp.so.10.3.2
7f46f86bc000-7f46f88bc000 ---p 0007f000 103:02 6235                      /usr/lib/x86_64-linux-gnu/libgmp.so.10.3.2
7f46f88bc000-7f46f88bd000 r--p 0007f000 103:02 6235                      /usr/lib/x86_64-linux-gnu/libgmp.so.10.3.2
7f46f88bd000-7f46f88be000 rw-p 00080000 103:02 6235                      /usr/lib/x86_64-linux-gnu/libgmp.so.10.3.2
7f46f88be000-7f46f88f1000 r-xp 00000000 103:02 6237                      /usr/lib/x86_64-linux-gnu/libhogweed.so.4.4
7f46f88f1000-7f46f8af0000 ---p 00033000 103:02 6237                      /usr/lib/x86_64-linux-gnu/libhogweed.so.4.4
7f46f8af0000-7f46f8af1000 r--p 00032000 103:02 6237                      /usr/lib/x86_64-linux-gnu/libhogweed.so.4.4
7f46f8af1000-7f46f8af2000 rw-p 00033000 103:02 6237                      /usr/lib/x86_64-linux-gnu/libhogweed.so.4.4
7f46f8af2000-7f46f8c6c000 r-xp 00000000 103:02 6192                      /usr/lib/x86_64-linux-gnu/libunistring.so.2.1.0
7f46f8c6c000-7f46f8e6c000 ---p 0017a000 103:02 6192                      /usr/lib/x86_64-linux-gnu/libunistring.so.2.1.0
7f46f8e6c000-7f46f8e6f000 r--p 0017a000 103:02 6192                      /usr/lib/x86_64-linux-gnu/libunistring.so.2.1.0
7f46f8e6f000-7f46f8e70000 rw-p 0017d000 103:02 6192                      /usr/lib/x86_64-linux-gnu/libunistring.so.2.1.0
7f46f8e70000-7f46f8e75000 r-xp 00000000 103:02 6278                      /usr/lib/x86_64-linux-gnu/libXdmcp.so.6.0.0
7f46f8e75000-7f46f9074000 ---p 00005000 103:02 6278                      /usr/lib/x86_64-linux-gnu/libXdmcp.so.6.0.0
7f46f9074000-7f46f9075000 r--p 00004000 103:02 6278                      /usr/lib/x86_64-linux-gnu/libXdmcp.so.6.0.0
7f46f9075000-7f46f9076000 rw-p 00005000 103:02 6278                      /usr/lib/x86_64-linux-gnu/libXdmcp.so.6.0.0
7f46f9076000-7f46f9078000 r-xp 00000000 103:02 14624                     /usr/lib/x86_64-linux-gnu/libXau.so.6.0.0
7f46f9078000-7f46f9278000 ---p 00002000 103:02 14624                     /usr/lib/x86_64-linux-gnu/libXau.so.6.0.0
7f46f9278000-7f46f9279000 r--p 00002000 103:02 14624                     /usr/lib/x86_64-linux-gnu/libXau.so.6.0.0
7f46f9279000-7f46f927a000 rw-p 00003000 103:02 14624                     /usr/lib/x86_64-linux-gnu/libXau.so.6.0.0
7f46f927a000-7f46f941e000 r-xp 00000000 103:02 6203                      /usr/lib/x86_64-linux-gnu/libicuuc.so.60.2
7f46f941e000-7f46f961d000 ---p 001a4000 103:02 6203                      /usr/lib/x86_64-linux-gnu/libicuuc.so.60.2
7f46f961d000-7f46f9630000 r--p 001a3000 103:02 6203                      /usr/lib/x86_64-linux-gnu/libicuuc.so.60.2
7f46f9630000-7f46f9631000 rw-p 001b6000 103:02 6203                      /usr/lib/x86_64-linux-gnu/libicuuc.so.60.2
7f46f9631000-7f46f9632000 rw-p 00000000 00:00 0 
7f46f9632000-7f46f9656000 r-xp 00000000 103:02 2104                      /lib/x86_64-linux-gnu/liblzma.so.5.2.2
7f46f9656000-7f46f9856000 ---p 00024000 103:02 2104                      /lib/x86_64-linux-gnu/liblzma.so.5.2.2
7f46f9856000-7f46f9857000 r--p 00024000 103:02 2104                      /lib/x86_64-linux-gnu/liblzma.so.5.2.2
7f46f9857000-7f46f9858000 rw-p 00025000 103:02 2104                      /lib/x86_64-linux-gnu/liblzma.so.5.2.2
7f46f9858000-7f46f985f000 r-xp 00000000 103:02 68104                     /usr/lib/x86_64-linux-gnu/libaec.so.0.0.3
7f46f985f000-7f46f9a5e000 ---p 00007000 103:02 68104                     /usr/lib/x86_64-linux-gnu/libaec.so.0.0.3
7f46f9a5e000-7f46f9a5f000 r--p 00006000 103:02 68104                     /usr/lib/x86_64-linux-gnu/libaec.so.0.0.3
7f46f9a5f000-7f46f9a60000 rw-p 00007000 103:02 68104                     /usr/lib/x86_64-linux-gnu/libaec.so.0.0.3
7f46f9a60000-7f46f9a9f000 r-xp 00000000 103:02 57644                     /usr/lib/x86_64-linux-gnu/libquadmath.so.0.0.0
7f46f9a9f000-7f46f9c9e000 ---p 0003f000 103:02 57644                     /usr/lib/x86_64-linux-gnu/libquadmath.so.0.0.0
7f46f9c9e000-7f46f9c9f000 r--p 0003e000 103:02 57644                     /usr/lib/x86_64-linux-gnu/libquadmath.so.0.0.0
7f46f9c9f000-7f46f9ca0000 rw-p 0003f000 103:02 57644                     /usr/lib/x86_64-linux-gnu/libquadmath.so.0.0.0
7f46f9ca0000-7f46f9cc5000 r-xp 00000000 103:02 2108                      /lib/x86_64-linux-gnu/libtinfo.so.5.9
7f46f9cc5000-7f46f9ec5000 ---p 00025000 103:02 2108                      /lib/x86_64-linux-gnu/libtinfo.so.5.9
7f46f9ec5000-7f46f9ec9000 r--p 00025000 103:02 2108                      /lib/x86_64-linux-gnu/libtinfo.so.5.9
7f46f9ec9000-7f46f9eca000 rw-p 00029000 103:02 2108                      /lib/x86_64-linux-gnu/libtinfo.so.5.9
7f46f9eca000-7f46f9ed1000 r-xp 00000000 103:02 55385                     /lib/x86_64-linux-gnu/librt-2.27.so
7f46f9ed1000-7f46fa0d0000 ---p 00007000 103:02 55385                     /lib/x86_64-linux-gnu/librt-2.27.so
7f46fa0d0000-7f46fa0d1000 r--p 00006000 103:02 55385                     /lib/x86_64-linux-gnu/librt-2.27.so
7f46fa0d1000-7f46fa0d2000 rw-p 00007000 103:02 55385                     /lib/x86_64-linux-gnu/librt-2.27.so
7f46fa0d2000-7f46fa13e000 r-xp 00000000 103:02 68192                     /usr/lib/x86_64-linux-gnu/libmetis.so.5.1.0
7f46fa13e000-7f46fa33e000 ---p 0006c000 103:02 68192                     /usr/lib/x86_64-linux-gnu/libmetis.so.5.1.0
7f46fa33e000-7f46fa33f000 r--p 0006c000 103:02 68192                     /usr/lib/x86_64-linux-gnu/libmetis.so.5.1.0
7f46fa33f000-7f46fa340000 rw-p 0006d000 103:02 68192                     /usr/lib/x86_64-linux-gnu/libmetis.so.5.1.0
7f46fa340000-7f46fa349000 r-xp 00000000 103:02 68174                     /usr/lib/x86_64-linux-gnu/libcamd.so.2.4.6
7f46fa349000-7f46fa548000 ---p 00009000 103:02 68174                     /usr/lib/x86_64-linux-gnu/libcamd.so.2.4.6
7f46fa548000-7f46fa549000 r--p 00008000 103:02 68174                     /usr/lib/x86_64-linux-gnu/libcamd.so.2.4.6
7f46fa549000-7f46fa54a000 rw-p 00009000 103:02 68174                     /usr/lib/x86_64-linux-gnu/libcamd.so.2.4.6
7f46fa54a000-7f46fa553000 r-xp 00000000 103:02 68180                     /usr/lib/x86_64-linux-gnu/libccolamd.so.2.9.6
7f46fa553000-7f46fa752000 ---p 00009000 103:02 68180                     /usr/lib/x86_64-linux-gnu/libccolamd.so.2.9.6
7f46fa752000-7f46fa753000 r--p 00008000 103:02 68180                     /usr/lib/x86_64-linux-gnu/libccolamd.so.2.9.6
7f46fa753000-7f46fa754000 rw-p 00009000 103:02 68180                     /usr/lib/x86_64-linux-gnu/libccolamd.so.2.9.6
7f46fa754000-7f46fa75a000 r-xp 00000000 103:02 68186                     /usr/lib/x86_64-linux-gnu/libcolamd.so.2.9.6
7f46fa75a000-7f46fa959000 ---p 00006000 103:02 68186                     /usr/lib/x86_64-linux-gnu/libcolamd.so.2.9.6
7f46fa959000-7f46fa95a000 r--p 00005000 103:02 68186                     /usr/lib/x86_64-linux-gnu/libcolamd.so.2.9.6
7f46fa95a000-7f46fa95b000 rw-p 00006000 103:02 68186                     /usr/lib/x86_64-linux-gnu/libcolamd.so.2.9.6
7f46fa95b000-7f46fa963000 r-xp 00000000 103:02 68117                     /usr/lib/x86_64-linux-gnu/libamd.so.2.4.6
7f46fa963000-7f46fab62000 ---p 00008000 103:02 68117                     /usr/lib/x86_64-linux-gnu/libamd.so.2.4.6
7f46fab62000-7f46fab63000 r--p 00007000 103:02 68117                     /usr/lib/x86_64-linux-gnu/libamd.so.2.4.6
7f46fab63000-7f46fab64000 rw-p 00008000 103:02 68117                     /usr/lib/x86_64-linux-gnu/libamd.so.2.4.6
7f46fab64000-7f46fab71000 r-xp 00000000 103:02 4643                      /usr/lib/x86_64-linux-gnu/liblber-2.4.so.2.10.8
7f46fab71000-7f46fad70000 ---p 0000d000 103:02 4643                      /usr/lib/x86_64-linux-gnu/liblber-2.4.so.2.10.8
7f46fad70000-7f46fad71000 r--p 0000c000 103:02 4643                      /usr/lib/x86_64-linux-gnu/liblber-2.4.so.2.10.8
7f46fad71000-7f46fad72000 rw-p 0000d000 103:02 4643                      /usr/lib/x86_64-linux-gnu/liblber-2.4.so.2.10.8
7f46fad72000-7f46fadc0000 r-xp 00000000 103:02 4644                      /usr/lib/x86_64-linux-gnu/libldap_r-2.4.so.2.10.8
7f46fadc0000-7f46fafbf000 ---p 0004e000 103:02 4644                      /usr/lib/x86_64-linux-gnu/libldap_r-2.4.so.2.10.8
7f46fafbf000-7f46fafc1000 r--p 0004d000 103:02 4644                      /usr/lib/x86_64-linux-gnu/libldap_r-2.4.so.2.10.8
7f46fafc1000-7f46fafc2000 rw-p 0004f000 103:02 4644                      /usr/lib/x86_64-linux-gnu/libldap_r-2.4.so.2.10.8
7f46fafc2000-7f46fafc4000 rw-p 00000000 00:00 0 
7f46fafc4000-7f46fb00c000 r-xp 00000000 103:02 6319                      /usr/lib/x86_64-linux-gnu/libgssapi_krb5.so.2.2
7f46fb00c000-7f46fb20b000 ---p 00048000 103:02 6319                      /usr/lib/x86_64-linux-gnu/libgssapi_krb5.so.2.2
7f46fb20b000-7f46fb20d000 r--p 00047000 103:02 6319                      /usr/lib/x86_64-linux-gnu/libgssapi_krb5.so.2.2
7f46fb20d000-7f46fb20f000 rw-p 00049000 103:02 6319                      /usr/lib/x86_64-linux-gnu/libgssapi_krb5.so.2.2
7f46fb20f000-7f46fb367000 r-xp 00000000 103:02 19233                     /usr/lib/x86_64-linux-gnu/libgnutls.so.30.14.10
7f46fb367000-7f46fb567000 ---p 00158000 103:02 19233                     /usr/lib/x86_64-linux-gnu/libgnutls.so.30.14.10
7f46fb567000-7f46fb573000 r--p 00158000 103:02 19233                     /usr/lib/x86_64-linux-gnu/libgnutls.so.30.14.10
7f46fb573000-7f46fb574000 rw-p 00164000 103:02 19233                     /usr/lib/x86_64-linux-gnu/libgnutls.so.30.14.10
7f46fb574000-7f46fb575000 rw-p 00000000 00:00 0 
7f46fb575000-7f46fb5a9000 r-xp 00000000 103:02 6258                      /usr/lib/x86_64-linux-gnu/libnettle.so.6.4
7f46fb5a9000-7f46fb7a8000 ---p 00034000 103:02 6258                      /usr/lib/x86_64-linux-gnu/libnettle.so.6.4
7f46fb7a8000-7f46fb7aa000 r--p 00033000 103:02 6258                      /usr/lib/x86_64-linux-gnu/libnettle.so.6.4
7f46fb7aa000-7f46fb7ab000 rw-p 00035000 103:02 6258                      /usr/lib/x86_64-linux-gnu/libnettle.so.6.4
7f46fb7ab000-7f46fb7b8000 r-xp 00000000 103:02 6353                      /usr/lib/x86_64-linux-gnu/libpsl.so.5.2.0
7f46fb7b8000-7f46fb9b7000 ---p 0000d000 103:02 6353                      /usr/lib/x86_64-linux-gnu/libpsl.so.5.2.0
7f46fb9b7000-7f46fb9b8000 r--p 0000c000 103:02 6353                      /usr/lib/x86_64-linux-gnu/libpsl.so.5.2.0
7f46fb9b8000-7f46fb9b9000 rw-p 0000d000 103:02 6353                      /usr/lib/x86_64-linux-gnu/libpsl.so.5.2.0
7f46fb9b9000-7f46fb9d4000 r-xp 00000000 103:02 6430                      /usr/lib/x86_64-linux-gnu/librtmp.so.1
7f46fb9d4000-7f46fbbd3000 ---p 0001b000 103:02 6430                      /usr/lib/x86_64-linux-gnu/librtmp.so.1
7f46fbbd3000-7f46fbbd4000 r--p 0001a000 103:02 6430                      /usr/lib/x86_64-linux-gnu/librtmp.so.1
7f46fbbd4000-7f46fbbd5000 rw-p 0001b000 103:02 6430                      /usr/lib/x86_64-linux-gnu/librtmp.so.1
7f46fbbd5000-7f46fbbf1000 r-xp 00000000 103:02 6194                      /usr/lib/x86_64-linux-gnu/libidn2.so.0.3.3
7f46fbbf1000-7f46fbdf0000 ---p 0001c000 103:02 6194                      /usr/lib/x86_64-linux-gnu/libidn2.so.0.3.3
7f46fbdf0000-7f46fbdf1000 r--p 0001b000 103:02 6194                      /usr/lib/x86_64-linux-gnu/libidn2.so.0.3.3
7f46fbdf1000-7f46fbdf2000 rw-p 0001c000 103:02 6194                      /usr/lib/x86_64-linux-gnu/libidn2.so.0.3.3
7f46fbdf2000-7f46fbe15000 r-xp 00000000 103:02 6428                      /usr/lib/x86_64-linux-gnu/libnghttp2.so.14.15.2
7f46fbe15000-7f46fc014000 ---p 00023000 103:02 6428                      /usr/lib/x86_64-linux-gnu/libnghttp2.so.14.15.2
7f46fc014000-7f46fc015000 r--p 00022000 103:02 6428                      /usr/lib/x86_64-linux-gnu/libnghttp2.so.14.15.2
7f46fc015000-7f46fc017000 rw-p 00023000 103:02 6428                      /usr/lib/x86_64-linux-gnu/libnghttp2.so.14.15.2
7f46fc017000-7f46fe08c000 r-xp 00000000 103:02 68134                     /usr/lib/x86_64-linux-gnu/libopenblasp-r0.2.20.so
7f46fe08c000-7f46fe28b000 ---p 02075000 103:02 68134                     /usr/lib/x86_64-linux-gnu/libopenblasp-r0.2.20.so
7f46fe28b000-7f46fe291000 r--p 02074000 103:02 68134                     /usr/lib/x86_64-linux-gnu/libopenblasp-r0.2.20.so
7f46fe291000-7f46fe2a4000 rw-p 0207a000 103:02 68134                     /usr/lib/x86_64-linux-gnu/libopenblasp-r0.2.20.so
7f46fe2a4000-7f46fe2bd000 rw-p 00000000 00:00 0 
7f46fe2bd000-7f46fe2e3000 r-xp 00000000 103:02 6280                      /usr/lib/x86_64-linux-gnu/libxcb.so.1.1.0
7f46fe2e3000-7f46fe4e3000 ---p 00026000 103:02 6280                      /usr/lib/x86_64-linux-gnu/libxcb.so.1.1.0
7f46fe4e3000-7f46fe4e4000 r--p 00026000 103:02 6280                      /usr/lib/x86_64-linux-gnu/libxcb.so.1.1.0
7f46fe4e4000-7f46fe4e5000 rw-p 00027000 103:02 6280                      /usr/lib/x86_64-linux-gnu/libxcb.so.1.1.0
7f46fe4e5000-7f46fe514000 r-xp 00000000 103:02 2203                      /lib/x86_64-linux-gnu/libexpat.so.1.6.7
7f46fe514000-7f46fe714000 ---p 0002f000 103:02 2203                      /lib/x86_64-linux-gnu/libexpat.so.1.6.7
7f46fe714000-7f46fe716000 r--p 0002f000 103:02 2203                      /lib/x86_64-linux-gnu/libexpat.so.1.6.7
7f46fe716000-7f46fe717000 rw-p 00031000 103:02 2203                      /lib/x86_64-linux-gnu/libexpat.so.1.6.7
7f46fe717000-7f46fe785000 r-xp 00000000 103:02 63263                     /usr/lib/x86_64-linux-gnu/libGLdispatch.so.0.0.0
7f46fe785000-7f46fe984000 ---p 0006e000 103:02 63263                     /usr/lib/x86_64-linux-gnu/libGLdispatch.so.0.0.0
7f46fe984000-7f46fe9ac000 r--p 0006d000 103:02 63263                     /usr/lib/x86_64-linux-gnu/libGLdispatch.so.0.0.0
7f46fe9ac000-7f46fe9ad000 rw-p 00095000 103:02 63263                     /usr/lib/x86_64-linux-gnu/libGLdispatch.so.0.0.0
7f46fe9ad000-7f46fe9cd000 rw-p 00000000 00:00 0 
7f46fe9cd000-7f46fe9dd000 r-xp 00000000 103:02 63430                     /usr/lib/x86_64-linux-gnu/libGLX.so.0.0.0
7f46fe9dd000-7f46febdc000 ---p 00010000 103:02 63430                     /usr/lib/x86_64-linux-gnu/libGLX.so.0.0.0
7f46febdc000-7f46febdd000 r--p 0000f000 103:02 63430                     /usr/lib/x86_64-linux-gnu/libGLX.so.0.0.0
7f46febdd000-7f46febde000 rw-p 00010000 103:02 63430                     /usr/lib/x86_64-linux-gnu/libGLX.so.0.0.0
7f46febde000-7f46febfe000 rw-p 00000000 00:00 0 
7f46febfe000-7f46fedb4000 r-xp 00000000 103:02 6214                      /usr/lib/x86_64-linux-gnu/libxml2.so.2.9.4
7f46fedb4000-7f46fefb4000 ---p 001b6000 103:02 6214                      /usr/lib/x86_64-linux-gnu/libxml2.so.2.9.4
7f46fefb4000-7f46fefbc000 r--p 001b6000 103:02 6214                      /usr/lib/x86_64-linux-gnu/libxml2.so.2.9.4
7f46fefbc000-7f46fefbe000 rw-p 001be000 103:02 6214                      /usr/lib/x86_64-linux-gnu/libxml2.so.2.9.4
7f46fefbe000-7f46fefbf000 rw-p 00000000 00:00 0 
7f46fefbf000-7f46fefce000 r-xp 00000000 103:02 2098                      /lib/x86_64-linux-gnu/libbz2.so.1.0.4
7f46fefce000-7f46ff1cd000 ---p 0000f000 103:02 2098                      /lib/x86_64-linux-gnu/libbz2.so.1.0.4
7f46ff1cd000-7f46ff1ce000 r--p 0000e000 103:02 2098                      /lib/x86_64-linux-gnu/libbz2.so.1.0.4
7f46ff1ce000-7f46ff1cf000 rw-p 0000f000 103:02 2098                      /lib/x86_64-linux-gnu/libbz2.so.1.0.4
7f46ff1cf000-7f46ff1e0000 r-xp 00000000 103:02 6284                      /usr/lib/x86_64-linux-gnu/libXext.so.6.4.0
7f46ff1e0000-7f46ff3df000 ---p 00011000 103:02 6284                      /usr/lib/x86_64-linux-gnu/libXext.so.6.4.0
7f46ff3df000-7f46ff3e0000 r--p 00010000 103:02 6284                      /usr/lib/x86_64-linux-gnu/libXext.so.6.4.0
7f46ff3e0000-7f46ff3e1000 rw-p 00011000 103:02 6284                      /usr/lib/x86_64-linux-gnu/libXext.so.6.4.0
7f46ff3e1000-7f46ff3fe000 r-xp 00000000 103:02 30128                     /usr/lib/x86_64-linux-gnu/libwmflite-0.2.so.7.0.1
7f46ff3fe000-7f46ff5fd000 ---p 0001d000 103:02 30128                     /usr/lib/x86_64-linux-gnu/libwmflite-0.2.so.7.0.1
7f46ff5fd000-7f46ff5fe000 r--p 0001c000 103:02 30128                     /usr/lib/x86_64-linux-gnu/libwmflite-0.2.so.7.0.1
7f46ff5fe000-7f46ff5ff000 rw-p 0001d000 103:02 30128                     /usr/lib/x86_64-linux-gnu/libwmflite-0.2.so.7.0.1
7f46ff5ff000-7f46ff630000 r-xp 00000000 103:02 6351                      /usr/lib/x86_64-linux-gnu/libpng16.so.16.34.0
7f46ff630000-7f46ff82f000 ---p 00031000 103:02 6351                      /usr/lib/x86_64-linux-gnu/libpng16.so.16.34.0
7f46ff82f000-7f46ff830000 r--p 00030000 103:02 6351                      /usr/lib/x86_64-linux-gnu/libpng16.so.16.34.0
7f46ff830000-7f46ff831000 rw-p 00031000 103:02 6351                      /usr/lib/x86_64-linux-gnu/libpng16.so.16.34.0
7f46ff831000-7f46ff898000 r-xp 00000000 103:02 9526                      /usr/lib/x86_64-linux-gnu/libjpeg.so.8.1.2
7f46ff898000-7f46ffa97000 ---p 00067000 103:02 9526                      /usr/lib/x86_64-linux-gnu/libjpeg.so.8.1.2
7f46ffa97000-7f46ffa98000 r--p 00066000 103:02 9526                      /usr/lib/x86_64-linux-gnu/libjpeg.so.8.1.2
7f46ffa98000-7f46ffa99000 rw-p 00067000 103:02 9526                      /usr/lib/x86_64-linux-gnu/libjpeg.so.8.1.2
7f46ffa99000-7f46ffb0c000 r-xp 00000000 103:02 12560                     /usr/lib/x86_64-linux-gnu/libtiff.so.5.3.0
7f46ffb0c000-7f46ffd0b000 ---p 00073000 103:02 12560                     /usr/lib/x86_64-linux-gnu/libtiff.so.5.3.0
7f46ffd0b000-7f46ffd0f000 r--p 00072000 103:02 12560                     /usr/lib/x86_64-linux-gnu/libtiff.so.5.3.0
7f46ffd0f000-7f46ffd10000 rw-p 00076000 103:02 12560                     /usr/lib/x86_64-linux-gnu/libtiff.so.5.3.0
7f46ffd10000-7f46ffd62000 r-xp 00000000 103:02 10112                     /usr/lib/x86_64-linux-gnu/liblcms2.so.2.0.8
7f46ffd62000-7f46fff62000 ---p 00052000 103:02 10112                     /usr/lib/x86_64-linux-gnu/liblcms2.so.2.0.8
7f46fff62000-7f46fff64000 r--p 00052000 103:02 10112                     /usr/lib/x86_64-linux-gnu/liblcms2.so.2.0.8
7f46fff64000-7f46fff67000 rw-p 00054000 103:02 10112                     /usr/lib/x86_64-linux-gnu/liblcms2.so.2.0.8
7f46fff67000-7f46fff68000 rw-p 00000000 00:00 0 
7f46fff68000-7f46fff71000 r-xp 00000000 103:02 30307                     /usr/lib/x86_64-linux-gnu/libwebpmux.so.3.0.1
7f46fff71000-7f4700170000 ---p 00009000 103:02 30307                     /usr/lib/x86_64-linux-gnu/libwebpmux.so.3.0.1
7f4700170000-7f4700171000 r--p 00008000 103:02 30307                     /usr/lib/x86_64-linux-gnu/libwebpmux.so.3.0.1
7f4700171000-7f4700172000 rw-p 00009000 103:02 30307                     /usr/lib/x86_64-linux-gnu/libwebpmux.so.3.0.1
7f4700172000-7f47001d8000 r-xp 00000000 103:02 30295                     /usr/lib/x86_64-linux-gnu/libwebp.so.6.0.2
7f47001d8000-7f47003d7000 ---p 00066000 103:02 30295                     /usr/lib/x86_64-linux-gnu/libwebp.so.6.0.2
7f47003d7000-7f47003d8000 r--p 00065000 103:02 30295                     /usr/lib/x86_64-linux-gnu/libwebp.so.6.0.2
7f47003d8000-7f47003d9000 rw-p 00066000 103:02 30295                     /usr/lib/x86_64-linux-gnu/libwebp.so.6.0.2
7f47003d9000-7f47003db000 rw-p 00000000 00:00 0 
7f47003db000-7f47003e6000 r-xp 00000000 103:02 9962                      /usr/lib/x86_64-linux-gnu/libjbig.so.0
7f47003e6000-7f47005e5000 ---p 0000b000 103:02 9962                      /usr/lib/x86_64-linux-gnu/libjbig.so.0
7f47005e5000-7f47005e6000 r--p 0000a000 103:02 9962                      /usr/lib/x86_64-linux-gnu/libjbig.so.0
7f47005e6000-7f47005e9000 rw-p 0000b000 103:02 9962                      /usr/lib/x86_64-linux-gnu/libjbig.so.0
7f47005e9000-7f47005eb000 r-xp 00000000 103:02 68545                     /usr/lib/x86_64-linux-gnu/libsz.so.2.0.1
7f47005eb000-7f47007ea000 ---p 00002000 103:02 68545                     /usr/lib/x86_64-linux-gnu/libsz.so.2.0.1
7f47007ea000-7f47007eb000 r--p 00001000 103:02 68545                     /usr/lib/x86_64-linux-gnu/libsz.so.2.0.1
7f47007eb000-7f47007ec000 rw-p 00002000 103:02 68545                     /usr/lib/x86_64-linux-gnu/libsz.so.2.0.1
7f47007ec000-7f47009c8000 r-xp 00000000 103:02 67824                     /usr/lib/x86_64-linux-gnu/libgfortran.so.4.0.0
7f47009c8000-7f4700bc8000 ---p 001dc000 103:02 67824                     /usr/lib/x86_64-linux-gnu/libgfortran.so.4.0.0
7f4700bc8000-7f4700bc9000 r--p 001dc000 103:02 67824                     /usr/lib/x86_64-linux-gnu/libgfortran.so.4.0.0
7f4700bc9000-7f4700bca000 rw-p 001dd000 103:02 67824                     /usr/lib/x86_64-linux-gnu/libgfortran.so.4.0.0
7f4700bca000-7f4700bcb000 rw-p 00000000 00:00 0 
7f4700bcb000-7f4700bce000 r-xp 00000000 103:02 19840                     /lib/x86_64-linux-gnu/libdl-2.27.so
7f4700bce000-7f4700dcd000 ---p 00003000 103:02 19840                     /lib/x86_64-linux-gnu/libdl-2.27.so
7f4700dcd000-7f4700dce000 r--p 00002000 103:02 19840                     /lib/x86_64-linux-gnu/libdl-2.27.so
7f4700dce000-7f4700dcf000 rw-p 00003000 103:02 19840                     /lib/x86_64-linux-gnu/libdl-2.27.so
7f4700dcf000-7f4700e3f000 r-xp 00000000 103:02 2159                      /lib/x86_64-linux-gnu/libpcre.so.3.13.3
7f4700e3f000-7f470103f000 ---p 00070000 103:02 2159                      /lib/x86_64-linux-gnu/libpcre.so.3.13.3
7f470103f000-7f4701040000 r--p 00070000 103:02 2159                      /lib/x86_64-linux-gnu/libpcre.so.3.13.3
7f4701040000-7f4701041000 rw-p 00071000 103:02 2159                      /lib/x86_64-linux-gnu/libpcre.so.3.13.3
7f4701041000-7f4701082000 r-xp 00000000 103:02 2243                      /lib/x86_64-linux-gnu/libreadline.so.7.0
7f4701082000-7f4701281000 ---p 00041000 103:02 2243                      /lib/x86_64-linux-gnu/libreadline.so.7.0
7f4701281000-7f4701283000 r--p 00040000 103:02 2243                      /lib/x86_64-linux-gnu/libreadline.so.7.0
7f4701283000-7f4701289000 rw-p 00042000 103:02 2243                      /lib/x86_64-linux-gnu/libreadline.so.7.0
7f4701289000-7f470128a000 rw-p 00000000 00:00 0 
7f470128a000-7f47012e0000 r-xp 00000000 103:02 541909                    /usr/lib/x86_64-linux-gnu/openblas/libblas.so.3
7f47012e0000-7f47014df000 ---p 00056000 103:02 541909                    /usr/lib/x86_64-linux-gnu/openblas/libblas.so.3
7f47014df000-7f47014e4000 r--p 00055000 103:02 541909                    /usr/lib/x86_64-linux-gnu/openblas/libblas.so.3
7f47014e4000-7f47014e5000 rw-p 0005a000 103:02 541909                    /usr/lib/x86_64-linux-gnu/openblas/libblas.so.3
7f47014e5000-7f47016e1000 r-xp 00000000 103:02 63359                     /usr/lib/x86_64-linux-gnu/libfftw3f.so.3.5.7
7f47016e1000-7f47018e0000 ---p 001fc000 103:02 63359                     /usr/lib/x86_64-linux-gnu/libfftw3f.so.3.5.7
7f47018e0000-7f47018f1000 r--p 001fb000 103:02 63359                     /usr/lib/x86_64-linux-gnu/libfftw3f.so.3.5.7
7f47018f1000-7f47018f2000 rw-p 0020c000 103:02 63359                     /usr/lib/x86_64-linux-gnu/libfftw3f.so.3.5.7
7f47018f2000-7f47018f8000 r-xp 00000000 103:02 63377                     /usr/lib/x86_64-linux-gnu/libfftw3f_threads.so.3.5.7
7f47018f8000-7f4701af7000 ---p 00006000 103:02 63377                     /usr/lib/x86_64-linux-gnu/libfftw3f_threads.so.3.5.7
7f4701af7000-7f4701af8000 r--p 00005000 103:02 63377                     /usr/lib/x86_64-linux-gnu/libfftw3f_threads.so.3.5.7
7f4701af8000-7f4701af9000 rw-p 00006000 103:02 63377                     /usr/lib/x86_64-linux-gnu/libfftw3f_threads.so.3.5.7
7f4701af9000-7f4701cea000 r-xp 00000000 103:02 9554                      /usr/lib/x86_64-linux-gnu/libfftw3.so.3.5.7
7f4701cea000-7f4701ee9000 ---p 001f1000 103:02 9554                      /usr/lib/x86_64-linux-gnu/libfftw3.so.3.5.7
7f4701ee9000-7f4701efa000 r--p 001f0000 103:02 9554                      /usr/lib/x86_64-linux-gnu/libfftw3.so.3.5.7
7f4701efa000-7f4701efb000 rw-p 00201000 103:02 9554                      /usr/lib/x86_64-linux-gnu/libfftw3.so.3.5.7
7f4701efb000-7f4701f01000 r-xp 00000000 103:02 9556                      /usr/lib/x86_64-linux-gnu/libfftw3_threads.so.3.5.7
7f4701f01000-7f4702100000 ---p 00006000 103:02 9556                      /usr/lib/x86_64-linux-gnu/libfftw3_threads.so.3.5.7
7f4702100000-7f4702101000 r--p 00005000 103:02 9556                      /usr/lib/x86_64-linux-gnu/libfftw3_threads.so.3.5.7
7f4702101000-7f4702102000 rw-p 00006000 103:02 9556                      /usr/lib/x86_64-linux-gnu/libfftw3_threads.so.3.5.7
7f4702102000-7f4702119000 r-xp 00000000 103:02 68781                     /usr/lib/x86_64-linux-gnu/libqrupdate.so.1.1
7f4702119000-7f4702318000 ---p 00017000 103:02 68781                     /usr/lib/x86_64-linux-gnu/libqrupdate.so.1.1
7f4702318000-7f4702319000 r--p 00016000 103:02 68781                     /usr/lib/x86_64-linux-gnu/libqrupdate.so.1.1
7f4702319000-7f470231a000 rw-p 00017000 103:02 68781                     /usr/lib/x86_64-linux-gnu/libqrupdate.so.1.1
7f470231a000-7f4702363000 r-xp 00000000 103:02 68144                     /usr/lib/x86_64-linux-gnu/libarpack.so.2.0.0
7f4702363000-7f4702562000 ---p 00049000 103:02 68144                     /usr/lib/x86_64-linux-gnu/libarpack.so.2.0.0
7f4702562000-7f4702563000 r--p 00048000 103:02 68144                     /usr/lib/x86_64-linux-gnu/libarpack.so.2.0.0
7f4702563000-7f4702564000 rw-p 00049000 103:02 68144                     /usr/lib/x86_64-linux-gnu/libarpack.so.2.0.0
7f4702564000-7f4702566000 r-xp 00000000 103:02 68110                     /usr/lib/x86_64-linux-gnu/libsuitesparseconfig.so.5.1.2
7f4702566000-7f4702765000 ---p 00002000 103:02 68110                     /usr/lib/x86_64-linux-gnu/libsuitesparseconfig.so.5.1.2
7f4702765000-7f4702766000 r--p 00001000 103:02 68110                     /usr/lib/x86_64-linux-gnu/libsuitesparseconfig.so.5.1.2
7f4702766000-7f4702767000 rw-p 00002000 103:02 68110                     /usr/lib/x86_64-linux-gnu/libsuitesparseconfig.so.5.1.2
7f4702767000-7f4702791000 r-xp 00000000 103:02 68212                     /usr/lib/x86_64-linux-gnu/libcxsparse.so.3.2.0
7f4702791000-7f4702990000 ---p 0002a000 103:02 68212                     /usr/lib/x86_64-linux-gnu/libcxsparse.so.3.2.0
7f4702990000-7f4702991000 r--p 00029000 103:02 68212                     /usr/lib/x86_64-linux-gnu/libcxsparse.so.3.2.0
7f4702991000-7f4702992000 rw-p 0002a000 103:02 68212                     /usr/lib/x86_64-linux-gnu/libcxsparse.so.3.2.0
7f4702992000-7f4702a3d000 r-xp 00000000 103:02 68787                     /usr/lib/x86_64-linux-gnu/libumfpack.so.5.7.6
7f4702a3d000-7f4702c3c000 ---p 000ab000 103:02 68787                     /usr/lib/x86_64-linux-gnu/libumfpack.so.5.7.6
7f4702c3c000-7f4702c3d000 r--p 000aa000 103:02 68787                     /usr/lib/x86_64-linux-gnu/libumfpack.so.5.7.6
7f4702c3d000-7f4702c3e000 rw-p 000ab000 103:02 68787                     /usr/lib/x86_64-linux-gnu/libumfpack.so.5.7.6
7f4702c3e000-7f4702d12000 r-xp 00000000 103:02 68198                     /usr/lib/x86_64-linux-gnu/libcholmod.so.3.0.11
7f4702d12000-7f4702f12000 ---p 000d4000 103:02 68198                     /usr/lib/x86_64-linux-gnu/libcholmod.so.3.0.11
7f4702f12000-7f4702f13000 r--p 000d4000 103:02 68198                     /usr/lib/x86_64-linux-gnu/libcholmod.so.3.0.11
7f4702f13000-7f4702f14000 rw-p 000d5000 103:02 68198                     /usr/lib/x86_64-linux-gnu/libcholmod.so.3.0.11
7f4702f14000-7f4702f8e000 r-xp 00000000 103:02 18567                     /usr/lib/x86_64-linux-gnu/libcurl-gnutls.so.4.5.0
7f4702f8e000-7f470318d000 ---p 0007a000 103:02 18567                     /usr/lib/x86_64-linux-gnu/libcurl-gnutls.so.4.5.0
7f470318d000-7f4703190000 r--p 00079000 103:02 18567                     /usr/lib/x86_64-linux-gnu/libcurl-gnutls.so.4.5.0
7f4703190000-7f4703191000 rw-p 0007c000 103:02 18567                     /usr/lib/x86_64-linux-gnu/libcurl-gnutls.so.4.5.0
7f4703191000-7f47031ab000 r-xp 00000000 103:02 55383                     /lib/x86_64-linux-gnu/libpthread-2.27.so
7f47031ab000-7f47033aa000 ---p 0001a000 103:02 55383                     /lib/x86_64-linux-gnu/libpthread-2.27.so
7f47033aa000-7f47033ab000 r--p 00019000 103:02 55383                     /lib/x86_64-linux-gnu/libpthread-2.27.so
7f47033ab000-7f47033ac000 rw-p 0001a000 103:02 55383                     /lib/x86_64-linux-gnu/libpthread-2.27.so
7f47033ac000-7f47033b0000 rw-p 00000000 00:00 0 
7f47033b0000-7f47033de000 r-xp 00000000 103:02 9538                      /usr/lib/x86_64-linux-gnu/libgomp.so.1.0.0
7f47033de000-7f47035dd000 ---p 0002e000 103:02 9538                      /usr/lib/x86_64-linux-gnu/libgomp.so.1.0.0
7f47035dd000-7f47035de000 r--p 0002d000 103:02 9538                      /usr/lib/x86_64-linux-gnu/libgomp.so.1.0.0
7f47035de000-7f47035df000 rw-p 0002e000 103:02 9538                      /usr/lib/x86_64-linux-gnu/libgomp.so.1.0.0
7f47035df000-7f470377c000 r-xp 00000000 103:02 49447                     /lib/x86_64-linux-gnu/libm-2.27.so
7f470377c000-7f470397b000 ---p 0019d000 103:02 49447                     /lib/x86_64-linux-gnu/libm-2.27.so
7f470397b000-7f470397c000 r--p 0019c000 103:02 49447                     /lib/x86_64-linux-gnu/libm-2.27.so
7f470397c000-7f470397d000 rw-p 0019d000 103:02 49447                     /lib/x86_64-linux-gnu/libm-2.27.so
7f470397d000-7f4704001000 r-xp 00000000 103:02 541910                    /usr/lib/x86_64-linux-gnu/openblas/liblapack.so.3
7f4704001000-7f4704200000 ---p 00684000 103:02 541910                    /usr/lib/x86_64-linux-gnu/openblas/liblapack.so.3
7f4704200000-7f4704201000 r--p 00683000 103:02 541910                    /usr/lib/x86_64-linux-gnu/openblas/liblapack.so.3
7f4704201000-7f4704203000 rw-p 00684000 103:02 541910                    /usr/lib/x86_64-linux-gnu/openblas/liblapack.so.3
7f4704203000-7f4704216000 r-xp 00000000 103:02 67970                     /usr/lib/x86_64-linux-gnu/libgl2ps.so.1.4.0
7f4704216000-7f4704415000 ---p 00013000 103:02 67970                     /usr/lib/x86_64-linux-gnu/libgl2ps.so.1.4.0
7f4704415000-7f4704416000 r--p 00012000 103:02 67970                     /usr/lib/x86_64-linux-gnu/libgl2ps.so.1.4.0
7f4704416000-7f4704417000 rw-p 00013000 103:02 67970                     /usr/lib/x86_64-linux-gnu/libgl2ps.so.1.4.0
7f4704417000-7f470454a000 r-xp 00000000 103:02 29198                     /usr/lib/x86_64-linux-gnu/libX11.so.6.3.0
7f470454a000-7f470474a000 ---p 00133000 103:02 29198                     /usr/lib/x86_64-linux-gnu/libX11.so.6.3.0
7f470474a000-7f470474b000 r--p 00133000 103:02 29198                     /usr/lib/x86_64-linux-gnu/libX11.so.6.3.0
7f470474b000-7f470474f000 rw-p 00134000 103:02 29198                     /usr/lib/x86_64-linux-gnu/libX11.so.6.3.0
7f470474f000-7f47047fc000 r-xp 00000000 103:02 12741                     /usr/lib/x86_64-linux-gnu/libfreetype.so.6.15.0
7f47047fc000-7f47049fb000 ---p 000ad000 103:02 12741                     /usr/lib/x86_64-linux-gnu/libfreetype.so.6.15.0
7f47049fb000-7f4704a02000 r--p 000ac000 103:02 12741                     /usr/lib/x86_64-linux-gnu/libfreetype.so.6.15.0
7f4704a02000-7f4704a03000 rw-p 000b3000 103:02 12741                     /usr/lib/x86_64-linux-gnu/libfreetype.so.6.15.0
7f4704a03000-7f4704a41000 r-xp 00000000 103:02 9382                      /usr/lib/x86_64-linux-gnu/libfontconfig.so.1.10.1
7f4704a41000-7f4704c41000 ---p 0003e000 103:02 9382                      /usr/lib/x86_64-linux-gnu/libfontconfig.so.1.10.1
7f4704c41000-7f4704c43000 r--p 0003e000 103:02 9382                      /usr/lib/x86_64-linux-gnu/libfontconfig.so.1.10.1
7f4704c43000-7f4704c48000 rw-p 00040000 103:02 9382                      /usr/lib/x86_64-linux-gnu/libfontconfig.so.1.10.1
7f4704c48000-7f4704cb5000 r-xp 00000000 103:02 68774                     /usr/lib/x86_64-linux-gnu/libGLU.so.1.3.1
7f4704cb5000-7f4704eb5000 ---p 0006d000 103:02 68774                     /usr/lib/x86_64-linux-gnu/libGLU.so.1.3.1
7f4704eb5000-7f4704eb6000 r--p 0006d000 103:02 68774                     /usr/lib/x86_64-linux-gnu/libGLU.so.1.3.1
7f4704eb6000-7f4704eb7000 rw-p 0006e000 103:02 68774                     /usr/lib/x86_64-linux-gnu/libGLU.so.1.3.1
7f4704eb7000-7f4704f28000 r-xp 00000000 103:02 63436                     /usr/lib/x86_64-linux-gnu/libGL.so.1.0.0
7f4704f28000-7f4705127000 ---p 00071000 103:02 63436                     /usr/lib/x86_64-linux-gnu/libGL.so.1.0.0
7f4705127000-7f4705141000 r--p 00070000 103:02 63436                     /usr/lib/x86_64-linux-gnu/libGL.so.1.0.0
7f4705141000-7f4705142000 rw-p 0008a000 103:02 63436                     /usr/lib/x86_64-linux-gnu/libGL.so.1.0.0
7f4705142000-7f4705143000 rw-p 00000000 00:00 0 
7f4705143000-7f470515f000 r-xp 00000000 103:02 2184                      /lib/x86_64-linux-gnu/libz.so.1.2.11
7f470515f000-7f470535e000 ---p 0001c000 103:02 2184                      /lib/x86_64-linux-gnu/libz.so.1.2.11
7f470535e000-7f470535f000 r--p 0001b000 103:02 2184                      /lib/x86_64-linux-gnu/libz.so.1.2.11
7f470535f000-7f4705360000 rw-p 0001c000 103:02 2184                      /lib/x86_64-linux-gnu/libz.so.1.2.11
7f4705360000-7f4705624000 r-xp 00000000 103:02 68390                     /usr/lib/libGraphicsMagick-Q16.so.3.17.2
7f4705624000-7f4705823000 ---p 002c4000 103:02 68390                     /usr/lib/libGraphicsMagick-Q16.so.3.17.2
7f4705823000-7f470587c000 r--p 002c3000 103:02 68390                     /usr/lib/libGraphicsMagick-Q16.so.3.17.2
7f470587c000-7f470589f000 rw-p 0031c000 103:02 68390                     /usr/lib/libGraphicsMagick-Q16.so.3.17.2
7f470589f000-7f47058b7000 rw-p 00000000 00:00 0 
7f47058b7000-7f4705923000 r-xp 00000000 103:02 68398                     /usr/lib/libGraphicsMagick++-Q16.so.12.3.1
7f4705923000-7f4705b22000 ---p 0006c000 103:02 68398                     /usr/lib/libGraphicsMagick++-Q16.so.12.3.1
7f4705b22000-7f4705b25000 r--p 0006b000 103:02 68398                     /usr/lib/libGraphicsMagick++-Q16.so.12.3.1
7f4705b25000-7f4705b27000 rw-p 0006e000 103:02 68398                     /usr/lib/libGraphicsMagick++-Q16.so.12.3.1
7f4705b27000-7f4705e6f000 r-xp 00000000 103:02 68551                     /usr/lib/x86_64-linux-gnu/libhdf5_serial.so.100.0.1
7f4705e6f000-7f470606f000 ---p 00348000 103:02 68551                     /usr/lib/x86_64-linux-gnu/libhdf5_serial.so.100.0.1
7f470606f000-7f4706077000 r--p 00348000 103:02 68551                     /usr/lib/x86_64-linux-gnu/libhdf5_serial.so.100.0.1
7f4706077000-7f470607c000 rw-p 00350000 103:02 68551                     /usr/lib/x86_64-linux-gnu/libhdf5_serial.so.100.0.1
7f470607c000-7f470607f000 rw-p 00000000 00:00 0 
7f470607f000-7f4706266000 r-xp 00000000 103:02 19837                     /lib/x86_64-linux-gnu/libc-2.27.so
7f4706266000-7f4706466000 ---p 001e7000 103:02 19837                     /lib/x86_64-linux-gnu/libc-2.27.so
7f4706466000-7f470646a000 r--p 001e7000 103:02 19837                     /lib/x86_64-linux-gnu/libc-2.27.so
7f470646a000-7f470646c000 rw-p 001eb000 103:02 19837                     /lib/x86_64-linux-gnu/libc-2.27.so
7f470646c000-7f4706470000 rw-p 00000000 00:00 0 
7f4706470000-7f4706487000 r-xp 00000000 103:02 2097                      /lib/x86_64-linux-gnu/libgcc_s.so.1
7f4706487000-7f4706686000 ---p 00017000 103:02 2097                      /lib/x86_64-linux-gnu/libgcc_s.so.1
7f4706686000-7f4706687000 r--p 00016000 103:02 2097                      /lib/x86_64-linux-gnu/libgcc_s.so.1
7f4706687000-7f4706688000 rw-p 00017000 103:02 2097                      /lib/x86_64-linux-gnu/libgcc_s.so.1
7f4706688000-7f4706801000 r-xp 00000000 103:02 5019                      /usr/lib/x86_64-linux-gnu/libstdc++.so.6.0.25
7f4706801000-7f4706a01000 ---p 00179000 103:02 5019                      /usr/lib/x86_64-linux-gnu/libstdc++.so.6.0.25
7f4706a01000-7f4706a0b000 r--p 00179000 103:02 5019                      /usr/lib/x86_64-linux-gnu/libstdc++.so.6.0.25
7f4706a0b000-7f4706a0d000 rw-p 00183000 103:02 5019                      /usr/lib/x86_64-linux-gnu/libstdc++.so.6.0.25
7f4706a0d000-7f4706a11000 rw-p 00000000 00:00 0 
7f4706a11000-7f4707a01000 r-xp 00000000 103:02 68794                     /usr/lib/x86_64-linux-gnu/liboctave.so.4.0.0
7f4707a01000-7f4707c00000 ---p 00ff0000 103:02 68794                     /usr/lib/x86_64-linux-gnu/liboctave.so.4.0.0
7f4707c00000-7f4707c07000 r--p 00fef000 103:02 68794                     /usr/lib/x86_64-linux-gnu/liboctave.so.4.0.0
7f4707c07000-7f4707c0a000 rw-p 00ff6000 103:02 68794                     /usr/lib/x86_64-linux-gnu/liboctave.so.4.0.0
7f4707c0a000-7f4707c12000 rw-p 00000000 00:00 0 
7f4707c12000-7f4708c09000 r-xp 00000000 103:02 68795                     /usr/lib/x86_64-linux-gnu/liboctinterp.so.4.0.0
7f4708c09000-7f4708e09000 ---p 00ff7000 103:02 68795                     /usr/lib/x86_64-linux-gnu/liboctinterp.so.4.0.0
7f4708e09000-7f4708e50000 r--p 00ff7000 103:02 68795                     /usr/lib/x86_64-linux-gnu/liboctinterp.so.4.0.0
7f4708e50000-7f4708e61000 rw-p 0103e000 103:02 68795                     /usr/lib/x86_64-linux-gnu/liboctinterp.so.4.0.0
7f4708e61000-7f4708e6c000 rw-p 00000000 00:00 0 
7f4708e6c000-7f4708e93000 r-xp 00000000 103:02 17825                     /lib/x86_64-linux-gnu/ld-2.27.so
7f4708ecc000-7f470901f000 rw-p 00000000 00:00 0 
7f470903a000-7f470903f000 rw-p 00000000 00:00 0 
7f470903f000-7f4709046000 ---p 00000000 00:00 0 
7f4709046000-7f4709084000 rw-p 00000000 00:00 0 
7f4709089000-7f4709091000 rw-s 00000000 103:02 5488                      /tmp/hsperfdata_herzs/8771
7f4709091000-7f4709092000 ---p 00000000 00:00 0 
7f4709092000-7f4709093000 r--p 00000000 00:00 0 
7f4709093000-7f4709094000 r--p 00027000 103:02 17825                     /lib/x86_64-linux-gnu/ld-2.27.so
7f4709094000-7f4709095000 rw-p 00028000 103:02 17825                     /lib/x86_64-linux-gnu/ld-2.27.so
7f4709095000-7f4709096000 rw-p 00000000 00:00 0 
7fff44bbc000-7fff44bc0000 ---p 00000000 00:00 0 
7fff44bc0000-7fff44cbc000 rw-p 00000000 00:00 0                          [stack]
7fff44cd7000-7fff44cda000 r--p 00000000 00:00 0                          [vvar]
7fff44cda000-7fff44cdc000 r-xp 00000000 00:00 0                          [vdso]
ffffffffff600000-ffffffffff601000 r-xp 00000000 00:00 0                  [vsyscall]


VM Arguments:
jvm_args: -Xrs -Djava.system.class.loader=org.octave.OctClassLoader 
java_command: <unknown>
java_class_path (initial): /usr/share/octave/4.2.2/m/java/octave.jar
Launcher Type: generic

[Global flags]
     intx CICompilerCount                          = 2                                         {product} {ergonomic}
     uint ConcGCThreads                            = 1                                         {product} {ergonomic}
     uint G1ConcRefinementThreads                  = 2                                         {product} {ergonomic}
   size_t G1HeapRegionSize                         = 1048576                                   {product} {ergonomic}
    uintx GCDrainStackTargetSize                   = 64                                        {product} {ergonomic}
   size_t InitialHeapSize                          = 260046848                                 {product} {ergonomic}
   size_t MarkStackSize                            = 4194304                                   {product} {ergonomic}
   size_t MaxHeapSize                              = 4129292288                                {product} {ergonomic}
   size_t MinHeapDeltaBytes                        = 1048576                                   {product} {ergonomic}
    uintx NonNMethodCodeHeapSize                   = 5825164                                {pd product} {ergonomic}
    uintx NonProfiledCodeHeapSize                  = 122916538                              {pd product} {ergonomic}
    uintx ProfiledCodeHeapSize                     = 122916538                              {pd product} {ergonomic}
     bool ReduceSignalUsage                        = true                                      {product} {command line}
    uintx ReservedCodeCacheSize                    = 251658240                              {pd product} {ergonomic}
     bool SegmentedCodeCache                       = true                                      {product} {ergonomic}
     bool UseCompressedClassPointers               = true                                 {lp64_product} {ergonomic}
     bool UseCompressedOops                        = true                                 {lp64_product} {ergonomic}
     bool UseG1GC                                  = true                                      {product} {ergonomic}

Logging:
Log output configuration:
 #0: stdout all=warning uptime,level,tags
 #1: stderr all=off uptime,level,tags

Environment Variables:
PATH=/usr/local/sbin:/usr/local/bin:/usr/sbin:/usr/bin:/sbin:/bin:/snap/bin:/usr/lib/x86_64-linux-gnu/octave/4.2.2/site/exec/x86_64-pc-linux-gnu:/usr/lib/x86_64-linux-gnu/octave/api-v51/site/exec/x86_64-pc-linux-gnu:/usr/lib/x86_64-linux-gnu/octave/site/exec/x86_64-pc-linux-gnu:/usr/lib/x86_64-linux-gnu/octave/4.2.2/exec/x86_64-pc-linux-gnu:/usr/bin
SHELL=/bin/bash
LANG=C.UTF-8

Signal Handlers:
SIGSEGV: [libjvm.so+0xe1c340], sa_mask[0]=11111111011111111101111111111110, sa_flags=SA_RESTART|SA_SIGINFO
SIGBUS: [libjvm.so+0xe1c340], sa_mask[0]=11111111011111111101111111111110, sa_flags=SA_RESTART|SA_SIGINFO
SIGFPE: [libjvm.so+0xe1c340], sa_mask[0]=11111111011111111101111111111110, sa_flags=SA_RESTART|SA_SIGINFO
SIGPIPE: [libjvm.so+0xbec180], sa_mask[0]=11111111011111111101111111111110, sa_flags=SA_RESTART|SA_SIGINFO
SIGXFSZ: [libjvm.so+0xbec180], sa_mask[0]=11111111011111111101111111111110, sa_flags=SA_RESTART|SA_SIGINFO
SIGILL: [libjvm.so+0xe1c340], sa_mask[0]=11111111011111111101111111111110, sa_flags=SA_RESTART|SA_SIGINFO
SIGUSR2: [libjvm.so+0xbec020], sa_mask[0]=00000000000000000000000000000000, sa_flags=SA_RESTART|SA_SIGINFO
SIGHUP: [liboctinterp.so.4+0xcfbf30], sa_mask[0]=00000000000000000000000000000000, sa_flags=SA_RESTART
SIGINT: [liboctinterp.so.4+0xcfd0a0], sa_mask[0]=00000000000000000000000000000000, sa_flags=SA_RESTART
SIGTERM: [liboctinterp.so.4+0xcfbf00], sa_mask[0]=00000000000000000000000000000000, sa_flags=SA_RESTART
SIGQUIT: [liboctinterp.so.4+0xcfc300], sa_mask[0]=00000000000000000000000000000000, sa_flags=SA_RESTART


---------------  S Y S T E M  ---------------

OS:DISTRIB_ID=Ubuntu
DISTRIB_RELEASE=18.04
DISTRIB_CODENAME=bionic
DISTRIB_DESCRIPTION="Ubuntu 18.04.4 LTS"
uname:Linux 4.15.0-1065-aws #69-Ubuntu SMP Thu Mar 26 02:17:29 UTC 2020 x86_64
OS uptime: 4 days 4:13 hours
libc:glibc 2.27 NPTL 2.27 
rlimit (soft/hard): STACK 8192k/infinity , CORE 0k/infinity , NPROC 62885/62885 , NOFILE 4096/4096 , AS infinity/infinity , CPU infinity/infinity , DATA infinity/infinity , FSIZE infinity/infinity , MEMLOCK 16384k/16384k
load average:0.44 0.60 0.72

/proc/meminfo:
MemTotal:       16122956 kB
MemFree:          154320 kB
MemAvailable:      68780 kB
Buffers:           17408 kB
Cached:            97972 kB
SwapCached:            0 kB
Active:         15281720 kB
Inactive:          57668 kB
Active(anon):   15224784 kB
Inactive(anon):      376 kB
Active(file):      56936 kB
Inactive(file):    57292 kB
Unevictable:           0 kB
Mlocked:               0 kB
SwapTotal:             0 kB
SwapFree:              0 kB
Dirty:               952 kB
Writeback:             0 kB
AnonPages:      15224032 kB
Mapped:            71364 kB
Shmem:              1148 kB
Slab:             213980 kB
SReclaimable:      51044 kB
SUnreclaim:       162936 kB
KernelStack:       73216 kB
PageTables:       234776 kB
NFS_Unstable:          0 kB
Bounce:                0 kB
WritebackTmp:          0 kB
CommitLimit:     8061476 kB
Committed_AS:   87794308 kB
VmallocTotal:   34359738367 kB
VmallocUsed:           0 kB
VmallocChunk:          0 kB
HardwareCorrupted:     0 kB
AnonHugePages:         0 kB
ShmemHugePages:        0 kB
ShmemPmdMapped:        0 kB
CmaTotal:              0 kB
CmaFree:               0 kB
HugePages_Total:       0
HugePages_Free:        0
HugePages_Rsvd:        0
HugePages_Surp:        0
Hugepagesize:       2048 kB
DirectMap4k:      161768 kB
DirectMap2M:    10016768 kB
DirectMap1G:     6291456 kB

/sys/kernel/mm/transparent_hugepage/enabled:
always [madvise] never
/sys/kernel/mm/transparent_hugepage/defrag (defrag/compaction efforts parameter):
always defer defer+madvise [madvise] never

/proc/sys/kernel/threads-max (system-wide limit on the number of threads):
125770
/proc/sys/vm/max_map_count (maximum number of memory map areas a process may have):
65530
/proc/sys/kernel/pid_max (system-wide limit on number of process identifiers):
32768

container (cgroup) information:
container_type: cgroupv1
cpu_cpuset_cpus: 0-1
cpu_memory_nodes: 0
active_processor_count: 2
cpu_quota: -1
cpu_period: 100000
cpu_shares: -1
memory_limit_in_bytes: -1
memory_and_swap_limit_in_bytes: -2
memory_soft_limit_in_bytes: -1
memory_usage_in_bytes: 15988219904
memory_max_usage_in_bytes: 16038940672

KVM virtualization detected
Steal ticks since vm start: 0
Steal ticks percentage since vm start:  0.000

CPU:total 2 (initial active 2) (2 cores per cpu, 2 threads per core) family 6 model 85 stepping 4, cmov, cx8, fxsr, mmx, sse, sse2, sse3, ssse3, sse4.1, sse4.2, popcnt, avx, avx2, aes, clmul, erms, rtm, 3dnowpref, lzcnt, ht, tsc, tscinvbit, bmi1, bmi2, adx, fma
CPU Model and flags from /proc/cpuinfo:
model name	: Intel(R) Xeon(R) Platinum 8151 CPU @ 3.40GHz
flags		: fpu vme de pse tsc msr pae mce cx8 apic sep mtrr pge mca cmov pat pse36 clflush mmx fxsr sse sse2 ss ht syscall nx pdpe1gb rdtscp lm constant_tsc rep_good nopl xtopology nonstop_tsc cpuid aperfmperf tsc_known_freq pni pclmulqdq ssse3 fma cx16 pcid sse4_1 sse4_2 x2apic movbe popcnt tsc_deadline_timer aes xsave avx f16c rdrand hypervisor lahf_lm abm 3dnowprefetch invpcid_single pti fsgsbase tsc_adjust bmi1 hle avx2 smep bmi2 erms invpcid rtm mpx avx512f avx512dq rdseed adx smap clflushopt clwb avx512cd avx512bw avx512vl xsaveopt xsavec xgetbv1 xsaves ida arat pku ospke
Online cpus:
0-1
Offline cpus:

BIOS frequency limitation:
<Not Available>
Frequency switch latency (ns):
<Not Available>
Available cpu frequencies:
<Not Available>
Current governor:
<Not Available>
Core performance/turbo boost:
<Not Available>

Memory: 4k page, physical 16122956k(154320k free), swap 0k(0k free)

vm_info: OpenJDK 64-Bit Server VM (11.0.9+11-Ubuntu-0ubuntu1.18.04.1) for linux-amd64 JRE (11.0.9+11-Ubuntu-0ubuntu1.18.04.1), built on Oct 22 2020 05:32:59 by "unknown" with gcc 7.5.0

END.
