#
# There is insufficient memory for the Java Runtime Environment to continue.
# Native memory allocation (mmap) failed to map 260046848 bytes for committing reserved memory.
# Possible reasons:
#   The system is out of physical RAM or swap space
#   The process is running with CompressedOops enabled, and the Java Heap may be blocking the growth of the native heap
# Possible solutions:
#   Reduce memory load on the system
#   Increase physical memory or swap space
#   Check if swap backing store is full
#   Decrease Java heap size (-Xmx/-Xms)
#   Decrease number of Java threads
#   Decrease Java thread stack sizes (-Xss)
#   Set larger code cache with -XX:ReservedCodeCacheSize=
# This output file may be truncated or incomplete.
#
#  Out of Memory Error (os_linux.cpp:2922), pid=16046, tid=16046
#
# JRE version:  (11.0.9.1+1) (build )
# Java VM: OpenJDK 64-Bit Server VM (11.0.9.1+1-Ubuntu-0ubuntu1.18.04, mixed mode, sharing, tiered, compressed oops, g1 gc, linux-amd64)
# Core dump will be written. Default location: Core dumps may be processed with "/usr/share/apport/apport %p %s %c %d %P %E" (or dumping to /home/herzs/Exam_3/core.16046)
#

---------------  S U M M A R Y ------------

Command Line: -Xrs -Djava.system.class.loader=org.octave.OctClassLoader 

Host: Intel(R) Xeon(R) Platinum 8151 CPU @ 3.40GHz, 2 cores, 15G, Ubuntu 18.04.4 LTS
Time: Wed Dec  2 13:08:07 2020 UTC elapsed time: 0.421755 seconds (0d 0h 0m 0s)

---------------  T H R E A D  ---------------

Current thread (0x0000562d817fa000):  JavaThread "Unknown thread" [_thread_in_vm, id=16046, stack(0x00007ffd45f8d000,0x00007ffd4608d000)]

Stack: [0x00007ffd45f8d000,0x00007ffd4608d000],  sp=0x00007ffd46081d80,  free space=979k
Native frames: (J=compiled Java code, A=aot compiled Java code, j=interpreted, Vv=VM code, C=native code)
V  [libjvm.so+0xee9509]
V  [libjvm.so+0xeea19b]
V  [libjvm.so+0x681a15]
V  [libjvm.so+0xc13ae8]
V  [libjvm.so+0xc0a59d]
V  [libjvm.so+0x7a0b4f]
V  [libjvm.so+0x7a0dbe]
V  [libjvm.so+0x7acf70]
V  [libjvm.so+0x8293f9]
V  [libjvm.so+0x82a052]
V  [libjvm.so+0x82a4b9]
V  [libjvm.so+0x75e5df]
V  [libjvm.so+0x75eccd]
V  [libjvm.so+0xea4232]
V  [libjvm.so+0xea44e6]
V  [libjvm.so+0x84cd87]
V  [libjvm.so+0xe7b90f]
V  [libjvm.so+0x9050c1]  JNI_CreateJavaVM+0x51


---------------  P R O C E S S  ---------------

Threads class SMR info:
_java_thread_list=0x0000562d817b1ff0, length=0, elements={
}

Java Threads: ( => current thread )

Other Threads:
  0x0000562d8180f800 GCTaskThread "GC Thread#0" [stack: 0x00007fd3bf49b000,0x00007fd3bf59b000] [id=16050]
  0x0000562d8186c000 ConcurrentGCThread "G1 Main Marker" [stack: 0x00007fd3bda01000,0x00007fd3bdb01000] [id=16052]
  0x0000562d8186d800 ConcurrentGCThread "G1 Conc#0" [stack: 0x00007fd3bd8ff000,0x00007fd3bd9ff000] [id=16054]

[error occurred during error reporting (printing all threads), id 0xb, SIGSEGV (0xb) at pc=0x00007fd3d7e98a20]

VM state:not at safepoint (not fully initialized)

VM Mutex/Monitor currently owned by a thread:  ([mutex/lock_event])
[0x0000562d817f8850] Heap_lock - owner thread: 0x0000562d817fa000

Heap address: 0x0000000709e00000, size: 3938 MB, Compressed Oops mode: Non-zero based: 0x0000000709e00000
Narrow klass base: 0x0000000000000000, Narrow klass shift: 0

GC Heap History (0 events):
No events

Deoptimization events (0 events):
No events

Classes redefined (0 events):
No events

Internal exceptions (0 events):
No events

Events (2 events):
Event: 0.082 Protecting memory [0x00007ffd45f8d000,0x00007ffd45f91000] with protection modes 0
Event: 0.090 Loaded shared library /usr/lib/jvm/java-11-openjdk-amd64/lib/libzip.so


Dynamic libraries:
719600000-800000000 ---p 00000000 00:00 0 
562d80a8d000-562d80a8f000 r-xp 00000000 103:02 70582                     /usr/bin/octave-cli
562d80c8e000-562d80c8f000 r--p 00001000 103:02 70582                     /usr/bin/octave-cli
562d80c8f000-562d80c90000 rw-p 00002000 103:02 70582                     /usr/bin/octave-cli
562d811cd000-562d81894000 rw-p 00000000 00:00 0                          [heap]
7fd3a4000000-7fd3a4021000 rw-p 00000000 00:00 0 
7fd3a4021000-7fd3a8000000 ---p 00000000 00:00 0 
7fd3aa000000-7fd3ac000000 rw-p 00000000 00:00 0 
7fd3ac000000-7fd3ac021000 rw-p 00000000 00:00 0 
7fd3ac021000-7fd3b0000000 ---p 00000000 00:00 0 
7fd3b04f0000-7fd3b8000000 ---p 00000000 00:00 0 
7fd3b8000000-7fd3b8021000 rw-p 00000000 00:00 0 
7fd3b8021000-7fd3bc000000 ---p 00000000 00:00 0 
7fd3bd6fb000-7fd3bd8fd000 rw-p 00000000 00:00 0 
7fd3bd8fd000-7fd3bd8fe000 ---p 00000000 00:00 0 
7fd3bd8fe000-7fd3bd9ff000 rw-p 00000000 00:00 0 
7fd3bd9ff000-7fd3bda00000 ---p 00000000 00:00 0 
7fd3bda00000-7fd3bdb84000 rw-p 00000000 00:00 0 
7fd3bdb84000-7fd3bf297000 ---p 00000000 00:00 0 
7fd3bf297000-7fd3bf499000 rw-p 00000000 00:00 0 
7fd3bf499000-7fd3bf49a000 ---p 00000000 00:00 0 
7fd3bf49a000-7fd3bf5a0000 rw-p 00000000 00:00 0 
7fd3bf5a0000-7fd3bf686000 ---p 00000000 00:00 0 
7fd3bf686000-7fd3bf68b000 rw-p 00000000 00:00 0 
7fd3bf68b000-7fd3bf771000 ---p 00000000 00:00 0 
7fd3bf771000-7fd3bf9e1000 rwxp 00000000 00:00 0 
7fd3bf9e1000-7fd3bfd00000 ---p 00000000 00:00 0 
7fd3bfd00000-7fd3bff70000 rwxp 00000000 00:00 0 
7fd3bff70000-7fd3c7238000 ---p 00000000 00:00 0 
7fd3c7238000-7fd3c74a8000 rwxp 00000000 00:00 0 
7fd3c74a8000-7fd3ce771000 ---p 00000000 00:00 0 
7fd3ce771000-7fd3ce778000 r-xp 00000000 103:02 540847                    /usr/lib/jvm/java-11-openjdk-amd64/lib/libzip.so
7fd3ce778000-7fd3ce977000 ---p 00007000 103:02 540847                    /usr/lib/jvm/java-11-openjdk-amd64/lib/libzip.so
7fd3ce977000-7fd3ce978000 r--p 00006000 103:02 540847                    /usr/lib/jvm/java-11-openjdk-amd64/lib/libzip.so
7fd3ce978000-7fd3ce979000 rw-p 00007000 103:02 540847                    /usr/lib/jvm/java-11-openjdk-amd64/lib/libzip.so
7fd3ce979000-7fd3d70e0000 r--s 00000000 103:02 540848                    /usr/lib/jvm/java-11-openjdk-amd64/lib/modules
7fd3d70e0000-7fd3d70e5000 r-xp 00000000 103:02 540830                    /usr/lib/jvm/java-11-openjdk-amd64/lib/libjimage.so
7fd3d70e5000-7fd3d72e4000 ---p 00005000 103:02 540830                    /usr/lib/jvm/java-11-openjdk-amd64/lib/libjimage.so
7fd3d72e4000-7fd3d72e5000 r--p 00004000 103:02 540830                    /usr/lib/jvm/java-11-openjdk-amd64/lib/libjimage.so
7fd3d72e5000-7fd3d72e6000 rw-p 00005000 103:02 540830                    /usr/lib/jvm/java-11-openjdk-amd64/lib/libjimage.so
7fd3d72e6000-7fd3d730f000 r-xp 00000000 103:02 540826                    /usr/lib/jvm/java-11-openjdk-amd64/lib/libjava.so
7fd3d730f000-7fd3d750f000 ---p 00029000 103:02 540826                    /usr/lib/jvm/java-11-openjdk-amd64/lib/libjava.so
7fd3d750f000-7fd3d7510000 r--p 00029000 103:02 540826                    /usr/lib/jvm/java-11-openjdk-amd64/lib/libjava.so
7fd3d7510000-7fd3d7511000 rw-p 0002a000 103:02 540826                    /usr/lib/jvm/java-11-openjdk-amd64/lib/libjava.so
7fd3d7511000-7fd3d7512000 rw-p 00000000 00:00 0 
7fd3d7512000-7fd3d751f000 r-xp 00000000 103:02 540846                    /usr/lib/jvm/java-11-openjdk-amd64/lib/libverify.so
7fd3d751f000-7fd3d771e000 ---p 0000d000 103:02 540846                    /usr/lib/jvm/java-11-openjdk-amd64/lib/libverify.so
7fd3d771e000-7fd3d7720000 r--p 0000c000 103:02 540846                    /usr/lib/jvm/java-11-openjdk-amd64/lib/libverify.so
7fd3d7720000-7fd3d7721000 rw-p 0000e000 103:02 540846                    /usr/lib/jvm/java-11-openjdk-amd64/lib/libverify.so
7fd3d7721000-7fd3d8912000 r-xp 00000000 103:02 540853                    /usr/lib/jvm/java-11-openjdk-amd64/lib/server/libjvm.so
7fd3d8912000-7fd3d8b11000 ---p 011f1000 103:02 540853                    /usr/lib/jvm/java-11-openjdk-amd64/lib/server/libjvm.so
7fd3d8b11000-7fd3d8bd2000 r--p 011f0000 103:02 540853                    /usr/lib/jvm/java-11-openjdk-amd64/lib/server/libjvm.so
7fd3d8bd2000-7fd3d8c0d000 rw-p 012b1000 103:02 540853                    /usr/lib/jvm/java-11-openjdk-amd64/lib/server/libjvm.so
7fd3d8c0d000-7fd3d8c64000 rw-p 00000000 00:00 0 
7fd3d8c64000-7fd3d8c76000 r-xp 00000000 103:02 567752                    /usr/lib/x86_64-linux-gnu/octave/4.2.2/oct/x86_64-pc-linux-gnu/__init_gnuplot__.oct
7fd3d8c76000-7fd3d8e76000 ---p 00012000 103:02 567752                    /usr/lib/x86_64-linux-gnu/octave/4.2.2/oct/x86_64-pc-linux-gnu/__init_gnuplot__.oct
7fd3d8e76000-7fd3d8e77000 r--p 00012000 103:02 567752                    /usr/lib/x86_64-linux-gnu/octave/4.2.2/oct/x86_64-pc-linux-gnu/__init_gnuplot__.oct
7fd3d8e77000-7fd3d8e78000 rw-p 00013000 103:02 567752                    /usr/lib/x86_64-linux-gnu/octave/4.2.2/oct/x86_64-pc-linux-gnu/__init_gnuplot__.oct
7fd3d8e78000-7fd3dae79000 rw-p 00000000 00:00 0 
7fd3dae79000-7fd3dae84000 r-xp 00000000 103:02 31516                     /lib/x86_64-linux-gnu/libnss_files-2.27.so
7fd3dae84000-7fd3db083000 ---p 0000b000 103:02 31516                     /lib/x86_64-linux-gnu/libnss_files-2.27.so
7fd3db083000-7fd3db084000 r--p 0000a000 103:02 31516                     /lib/x86_64-linux-gnu/libnss_files-2.27.so
7fd3db084000-7fd3db085000 rw-p 0000b000 103:02 31516                     /lib/x86_64-linux-gnu/libnss_files-2.27.so
7fd3db085000-7fd3db08b000 rw-p 00000000 00:00 0 
7fd3db08b000-7fd3db0a2000 r-xp 00000000 103:02 31513                     /lib/x86_64-linux-gnu/libnsl-2.27.so
7fd3db0a2000-7fd3db2a1000 ---p 00017000 103:02 31513                     /lib/x86_64-linux-gnu/libnsl-2.27.so
7fd3db2a1000-7fd3db2a2000 r--p 00016000 103:02 31513                     /lib/x86_64-linux-gnu/libnsl-2.27.so
7fd3db2a2000-7fd3db2a3000 rw-p 00017000 103:02 31513                     /lib/x86_64-linux-gnu/libnsl-2.27.so
7fd3db2a3000-7fd3db2a5000 rw-p 00000000 00:00 0 
7fd3db2a5000-7fd3db2b0000 r-xp 00000000 103:02 31518                     /lib/x86_64-linux-gnu/libnss_nis-2.27.so
7fd3db2b0000-7fd3db4af000 ---p 0000b000 103:02 31518                     /lib/x86_64-linux-gnu/libnss_nis-2.27.so
7fd3db4af000-7fd3db4b0000 r--p 0000a000 103:02 31518                     /lib/x86_64-linux-gnu/libnss_nis-2.27.so
7fd3db4b0000-7fd3db4b1000 rw-p 0000b000 103:02 31518                     /lib/x86_64-linux-gnu/libnss_nis-2.27.so
7fd3db4b1000-7fd3db4b9000 r-xp 00000000 103:02 31514                     /lib/x86_64-linux-gnu/libnss_compat-2.27.so
7fd3db4b9000-7fd3db6b9000 ---p 00008000 103:02 31514                     /lib/x86_64-linux-gnu/libnss_compat-2.27.so
7fd3db6b9000-7fd3db6ba000 r--p 00008000 103:02 31514                     /lib/x86_64-linux-gnu/libnss_compat-2.27.so
7fd3db6ba000-7fd3db6bb000 rw-p 00009000 103:02 31514                     /lib/x86_64-linux-gnu/libnss_compat-2.27.so
7fd3db6bb000-7fd3dd6bb000 rw-p 00000000 00:00 0 
7fd3dd6bb000-7fd3dd6bc000 ---p 00000000 00:00 0 
7fd3dd6bc000-7fd3ddebc000 rw-p 00000000 00:00 0 
7fd3ddebc000-7fd3ddec5000 r-xp 00000000 103:02 31508                     /lib/x86_64-linux-gnu/libcrypt-2.27.so
7fd3ddec5000-7fd3de0c4000 ---p 00009000 103:02 31508                     /lib/x86_64-linux-gnu/libcrypt-2.27.so
7fd3de0c4000-7fd3de0c5000 r--p 00008000 103:02 31508                     /lib/x86_64-linux-gnu/libcrypt-2.27.so
7fd3de0c5000-7fd3de0c6000 rw-p 00009000 103:02 31508                     /lib/x86_64-linux-gnu/libcrypt-2.27.so
7fd3de0c6000-7fd3de0f4000 rw-p 00000000 00:00 0 
7fd3de0f4000-7fd3de1f8000 r-xp 00000000 103:02 16464                     /usr/lib/x86_64-linux-gnu/libsqlite3.so.0.8.6
7fd3de1f8000-7fd3de3f7000 ---p 00104000 103:02 16464                     /usr/lib/x86_64-linux-gnu/libsqlite3.so.0.8.6
7fd3de3f7000-7fd3de3fa000 r--p 00103000 103:02 16464                     /usr/lib/x86_64-linux-gnu/libsqlite3.so.0.8.6
7fd3de3fa000-7fd3de3fc000 rw-p 00106000 103:02 16464                     /usr/lib/x86_64-linux-gnu/libsqlite3.so.0.8.6
7fd3de3fc000-7fd3de3fd000 rw-p 00000000 00:00 0 
7fd3de3fd000-7fd3de443000 r-xp 00000000 103:02 6391                      /usr/lib/x86_64-linux-gnu/libhx509.so.5.0.0
7fd3de443000-7fd3de642000 ---p 00046000 103:02 6391                      /usr/lib/x86_64-linux-gnu/libhx509.so.5.0.0
7fd3de642000-7fd3de645000 r--p 00045000 103:02 6391                      /usr/lib/x86_64-linux-gnu/libhx509.so.5.0.0
7fd3de645000-7fd3de646000 rw-p 00048000 103:02 6391                      /usr/lib/x86_64-linux-gnu/libhx509.so.5.0.0
7fd3de646000-7fd3de647000 rw-p 00000000 00:00 0 
7fd3de647000-7fd3de655000 r-xp 00000000 103:02 6385                      /usr/lib/x86_64-linux-gnu/libheimbase.so.1.0.0
7fd3de655000-7fd3de854000 ---p 0000e000 103:02 6385                      /usr/lib/x86_64-linux-gnu/libheimbase.so.1.0.0
7fd3de854000-7fd3de855000 r--p 0000d000 103:02 6385                      /usr/lib/x86_64-linux-gnu/libheimbase.so.1.0.0
7fd3de855000-7fd3de856000 rw-p 0000e000 103:02 6385                      /usr/lib/x86_64-linux-gnu/libheimbase.so.1.0.0
7fd3de856000-7fd3de87e000 r-xp 00000000 103:02 6389                      /usr/lib/x86_64-linux-gnu/libwind.so.0.0.0
7fd3de87e000-7fd3dea7d000 ---p 00028000 103:02 6389                      /usr/lib/x86_64-linux-gnu/libwind.so.0.0.0
7fd3dea7d000-7fd3dea7e000 r--p 00027000 103:02 6389                      /usr/lib/x86_64-linux-gnu/libwind.so.0.0.0
7fd3dea7e000-7fd3dea7f000 rw-p 00028000 103:02 6389                      /usr/lib/x86_64-linux-gnu/libwind.so.0.0.0
7fd3dea7f000-7fd3dea94000 r-xp 00000000 103:02 6381                      /usr/lib/x86_64-linux-gnu/libroken.so.18.1.0
7fd3dea94000-7fd3dec93000 ---p 00015000 103:02 6381                      /usr/lib/x86_64-linux-gnu/libroken.so.18.1.0
7fd3dec93000-7fd3dec94000 r--p 00014000 103:02 6381                      /usr/lib/x86_64-linux-gnu/libroken.so.18.1.0
7fd3dec94000-7fd3dec95000 rw-p 00015000 103:02 6381                      /usr/lib/x86_64-linux-gnu/libroken.so.18.1.0
7fd3dec95000-7fd3decc8000 r-xp 00000000 103:02 6387                      /usr/lib/x86_64-linux-gnu/libhcrypto.so.4.1.0
7fd3decc8000-7fd3deec7000 ---p 00033000 103:02 6387                      /usr/lib/x86_64-linux-gnu/libhcrypto.so.4.1.0
7fd3deec7000-7fd3deec9000 r--p 00032000 103:02 6387                      /usr/lib/x86_64-linux-gnu/libhcrypto.so.4.1.0
7fd3deec9000-7fd3deeca000 rw-p 00034000 103:02 6387                      /usr/lib/x86_64-linux-gnu/libhcrypto.so.4.1.0
7fd3deeca000-7fd3deecb000 rw-p 00000000 00:00 0 
7fd3deecb000-7fd3def69000 r-xp 00000000 103:02 6383                      /usr/lib/x86_64-linux-gnu/libasn1.so.8.0.0
7fd3def69000-7fd3df169000 ---p 0009e000 103:02 6383                      /usr/lib/x86_64-linux-gnu/libasn1.so.8.0.0
7fd3df169000-7fd3df16a000 r--p 0009e000 103:02 6383                      /usr/lib/x86_64-linux-gnu/libasn1.so.8.0.0
7fd3df16a000-7fd3df16d000 rw-p 0009f000 103:02 6383                      /usr/lib/x86_64-linux-gnu/libasn1.so.8.0.0
7fd3df16d000-7fd3df1f4000 r-xp 00000000 103:02 6393                      /usr/lib/x86_64-linux-gnu/libkrb5.so.26.0.0
7fd3df1f4000-7fd3df3f3000 ---p 00087000 103:02 6393                      /usr/lib/x86_64-linux-gnu/libkrb5.so.26.0.0
7fd3df3f3000-7fd3df3f7000 r--p 00086000 103:02 6393                      /usr/lib/x86_64-linux-gnu/libkrb5.so.26.0.0
7fd3df3f7000-7fd3df3f9000 rw-p 0008a000 103:02 6393                      /usr/lib/x86_64-linux-gnu/libkrb5.so.26.0.0
7fd3df3f9000-7fd3df3fa000 rw-p 00000000 00:00 0 
7fd3df3fa000-7fd3df402000 r-xp 00000000 103:02 6395                      /usr/lib/x86_64-linux-gnu/libheimntlm.so.0.1.0
7fd3df402000-7fd3df601000 ---p 00008000 103:02 6395                      /usr/lib/x86_64-linux-gnu/libheimntlm.so.0.1.0
7fd3df601000-7fd3df602000 r--p 00007000 103:02 6395                      /usr/lib/x86_64-linux-gnu/libheimntlm.so.0.1.0
7fd3df602000-7fd3df603000 rw-p 00008000 103:02 6395                      /usr/lib/x86_64-linux-gnu/libheimntlm.so.0.1.0
7fd3df603000-7fd3df606000 r-xp 00000000 103:02 2259                      /lib/x86_64-linux-gnu/libkeyutils.so.1.5
7fd3df606000-7fd3df805000 ---p 00003000 103:02 2259                      /lib/x86_64-linux-gnu/libkeyutils.so.1.5
7fd3df805000-7fd3df806000 r--p 00002000 103:02 2259                      /lib/x86_64-linux-gnu/libkeyutils.so.1.5
7fd3df806000-7fd3df807000 rw-p 00003000 103:02 2259                      /lib/x86_64-linux-gnu/libkeyutils.so.1.5
7fd3df807000-7fd3df80e000 r-xp 00000000 103:02 6226                      /usr/lib/x86_64-linux-gnu/libffi.so.6.0.4
7fd3df80e000-7fd3dfa0d000 ---p 00007000 103:02 6226                      /usr/lib/x86_64-linux-gnu/libffi.so.6.0.4
7fd3dfa0d000-7fd3dfa0e000 r--p 00006000 103:02 6226                      /usr/lib/x86_64-linux-gnu/libffi.so.6.0.4
7fd3dfa0e000-7fd3dfa0f000 rw-p 00007000 103:02 6226                      /usr/lib/x86_64-linux-gnu/libffi.so.6.0.4
7fd3dfa0f000-7fd3dfa22000 r-xp 00000000 103:02 2224                      /lib/x86_64-linux-gnu/libbsd.so.0.8.7
7fd3dfa22000-7fd3dfc21000 ---p 00013000 103:02 2224                      /lib/x86_64-linux-gnu/libbsd.so.0.8.7
7fd3dfc21000-7fd3dfc22000 r--p 00012000 103:02 2224                      /lib/x86_64-linux-gnu/libbsd.so.0.8.7
7fd3dfc22000-7fd3dfc23000 rw-p 00013000 103:02 2224                      /lib/x86_64-linux-gnu/libbsd.so.0.8.7
7fd3dfc23000-7fd3dfc24000 rw-p 00000000 00:00 0 
7fd3dfc24000-7fd3e15cc000 r-xp 00000000 103:02 6198                      /usr/lib/x86_64-linux-gnu/libicudata.so.60.2
7fd3e15cc000-7fd3e17cb000 ---p 019a8000 103:02 6198                      /usr/lib/x86_64-linux-gnu/libicudata.so.60.2
7fd3e17cb000-7fd3e17cc000 r--p 019a7000 103:02 6198                      /usr/lib/x86_64-linux-gnu/libicudata.so.60.2
7fd3e17cc000-7fd3e17cd000 rw-p 019a8000 103:02 6198                      /usr/lib/x86_64-linux-gnu/libicudata.so.60.2
7fd3e17cd000-7fd3e180a000 r-xp 00000000 103:02 6397                      /usr/lib/x86_64-linux-gnu/libgssapi.so.3.0.0
7fd3e180a000-7fd3e1a0a000 ---p 0003d000 103:02 6397                      /usr/lib/x86_64-linux-gnu/libgssapi.so.3.0.0
7fd3e1a0a000-7fd3e1a0c000 r--p 0003d000 103:02 6397                      /usr/lib/x86_64-linux-gnu/libgssapi.so.3.0.0
7fd3e1a0c000-7fd3e1a0e000 rw-p 0003f000 103:02 6397                      /usr/lib/x86_64-linux-gnu/libgssapi.so.3.0.0
7fd3e1a0e000-7fd3e1a27000 r-xp 00000000 103:02 6421                      /usr/lib/x86_64-linux-gnu/libsasl2.so.2.0.25
7fd3e1a27000-7fd3e1c27000 ---p 00019000 103:02 6421                      /usr/lib/x86_64-linux-gnu/libsasl2.so.2.0.25
7fd3e1c27000-7fd3e1c28000 r--p 00019000 103:02 6421                      /usr/lib/x86_64-linux-gnu/libsasl2.so.2.0.25
7fd3e1c28000-7fd3e1c29000 rw-p 0001a000 103:02 6421                      /usr/lib/x86_64-linux-gnu/libsasl2.so.2.0.25
7fd3e1c29000-7fd3e1c40000 r-xp 00000000 103:02 31522                     /lib/x86_64-linux-gnu/libresolv-2.27.so
7fd3e1c40000-7fd3e1e3f000 ---p 00017000 103:02 31522                     /lib/x86_64-linux-gnu/libresolv-2.27.so
7fd3e1e3f000-7fd3e1e40000 r--p 00016000 103:02 31522                     /lib/x86_64-linux-gnu/libresolv-2.27.so
7fd3e1e40000-7fd3e1e41000 rw-p 00017000 103:02 31522                     /lib/x86_64-linux-gnu/libresolv-2.27.so
7fd3e1e41000-7fd3e1e43000 rw-p 00000000 00:00 0 
7fd3e1e43000-7fd3e1e4d000 r-xp 00000000 103:02 28965                     /usr/lib/x86_64-linux-gnu/libkrb5support.so.0.1
7fd3e1e4d000-7fd3e204c000 ---p 0000a000 103:02 28965                     /usr/lib/x86_64-linux-gnu/libkrb5support.so.0.1
7fd3e204c000-7fd3e204d000 r--p 00009000 103:02 28965                     /usr/lib/x86_64-linux-gnu/libkrb5support.so.0.1
7fd3e204d000-7fd3e204e000 rw-p 0000a000 103:02 28965                     /usr/lib/x86_64-linux-gnu/libkrb5support.so.0.1
7fd3e204e000-7fd3e2051000 r-xp 00000000 103:02 2234                      /lib/x86_64-linux-gnu/libcom_err.so.2.1
7fd3e2051000-7fd3e2250000 ---p 00003000 103:02 2234                      /lib/x86_64-linux-gnu/libcom_err.so.2.1
7fd3e2250000-7fd3e2251000 r--p 00002000 103:02 2234                      /lib/x86_64-linux-gnu/libcom_err.so.2.1
7fd3e2251000-7fd3e2252000 rw-p 00003000 103:02 2234                      /lib/x86_64-linux-gnu/libcom_err.so.2.1
7fd3e2252000-7fd3e2280000 r-xp 00000000 103:02 28975                     /usr/lib/x86_64-linux-gnu/libk5crypto.so.3.1
7fd3e2280000-7fd3e2480000 ---p 0002e000 103:02 28975                     /usr/lib/x86_64-linux-gnu/libk5crypto.so.3.1
7fd3e2480000-7fd3e2482000 r--p 0002e000 103:02 28975                     /usr/lib/x86_64-linux-gnu/libk5crypto.so.3.1
7fd3e2482000-7fd3e2483000 rw-p 00030000 103:02 28975                     /usr/lib/x86_64-linux-gnu/libk5crypto.so.3.1
7fd3e2483000-7fd3e2484000 rw-p 00000000 00:00 0 
7fd3e2484000-7fd3e254a000 r-xp 00000000 103:02 28959                     /usr/lib/x86_64-linux-gnu/libkrb5.so.3.3
7fd3e254a000-7fd3e274a000 ---p 000c6000 103:02 28959                     /usr/lib/x86_64-linux-gnu/libkrb5.so.3.3
7fd3e274a000-7fd3e2758000 r--p 000c6000 103:02 28959                     /usr/lib/x86_64-linux-gnu/libkrb5.so.3.3
7fd3e2758000-7fd3e275a000 rw-p 000d4000 103:02 28959                     /usr/lib/x86_64-linux-gnu/libkrb5.so.3.3
7fd3e275a000-7fd3e276b000 r-xp 00000000 103:02 6264                      /usr/lib/x86_64-linux-gnu/libtasn1.so.6.5.5
7fd3e276b000-7fd3e296b000 ---p 00011000 103:02 6264                      /usr/lib/x86_64-linux-gnu/libtasn1.so.6.5.5
7fd3e296b000-7fd3e296c000 r--p 00011000 103:02 6264                      /usr/lib/x86_64-linux-gnu/libtasn1.so.6.5.5
7fd3e296c000-7fd3e296d000 rw-p 00012000 103:02 6264                      /usr/lib/x86_64-linux-gnu/libtasn1.so.6.5.5
7fd3e296d000-7fd3e2a87000 r-xp 00000000 103:02 6260                      /usr/lib/x86_64-linux-gnu/libp11-kit.so.0.3.0
7fd3e2a87000-7fd3e2c87000 ---p 0011a000 103:02 6260                      /usr/lib/x86_64-linux-gnu/libp11-kit.so.0.3.0
7fd3e2c87000-7fd3e2c91000 r--p 0011a000 103:02 6260                      /usr/lib/x86_64-linux-gnu/libp11-kit.so.0.3.0
7fd3e2c91000-7fd3e2c9b000 rw-p 00124000 103:02 6260                      /usr/lib/x86_64-linux-gnu/libp11-kit.so.0.3.0
7fd3e2c9b000-7fd3e2c9c000 rw-p 00000000 00:00 0 
7fd3e2c9c000-7fd3e2d1b000 r-xp 00000000 103:02 6235                      /usr/lib/x86_64-linux-gnu/libgmp.so.10.3.2
7fd3e2d1b000-7fd3e2f1b000 ---p 0007f000 103:02 6235                      /usr/lib/x86_64-linux-gnu/libgmp.so.10.3.2
7fd3e2f1b000-7fd3e2f1c000 r--p 0007f000 103:02 6235                      /usr/lib/x86_64-linux-gnu/libgmp.so.10.3.2
7fd3e2f1c000-7fd3e2f1d000 rw-p 00080000 103:02 6235                      /usr/lib/x86_64-linux-gnu/libgmp.so.10.3.2
7fd3e2f1d000-7fd3e2f50000 r-xp 00000000 103:02 6237                      /usr/lib/x86_64-linux-gnu/libhogweed.so.4.4
7fd3e2f50000-7fd3e314f000 ---p 00033000 103:02 6237                      /usr/lib/x86_64-linux-gnu/libhogweed.so.4.4
7fd3e314f000-7fd3e3150000 r--p 00032000 103:02 6237                      /usr/lib/x86_64-linux-gnu/libhogweed.so.4.4
7fd3e3150000-7fd3e3151000 rw-p 00033000 103:02 6237                      /usr/lib/x86_64-linux-gnu/libhogweed.so.4.4
7fd3e3151000-7fd3e32cb000 r-xp 00000000 103:02 6192                      /usr/lib/x86_64-linux-gnu/libunistring.so.2.1.0
7fd3e32cb000-7fd3e34cb000 ---p 0017a000 103:02 6192                      /usr/lib/x86_64-linux-gnu/libunistring.so.2.1.0
7fd3e34cb000-7fd3e34ce000 r--p 0017a000 103:02 6192                      /usr/lib/x86_64-linux-gnu/libunistring.so.2.1.0
7fd3e34ce000-7fd3e34cf000 rw-p 0017d000 103:02 6192                      /usr/lib/x86_64-linux-gnu/libunistring.so.2.1.0
7fd3e34cf000-7fd3e34d4000 r-xp 00000000 103:02 6278                      /usr/lib/x86_64-linux-gnu/libXdmcp.so.6.0.0
7fd3e34d4000-7fd3e36d3000 ---p 00005000 103:02 6278                      /usr/lib/x86_64-linux-gnu/libXdmcp.so.6.0.0
7fd3e36d3000-7fd3e36d4000 r--p 00004000 103:02 6278                      /usr/lib/x86_64-linux-gnu/libXdmcp.so.6.0.0
7fd3e36d4000-7fd3e36d5000 rw-p 00005000 103:02 6278                      /usr/lib/x86_64-linux-gnu/libXdmcp.so.6.0.0
7fd3e36d5000-7fd3e36d7000 r-xp 00000000 103:02 14624                     /usr/lib/x86_64-linux-gnu/libXau.so.6.0.0
7fd3e36d7000-7fd3e38d7000 ---p 00002000 103:02 14624                     /usr/lib/x86_64-linux-gnu/libXau.so.6.0.0
7fd3e38d7000-7fd3e38d8000 r--p 00002000 103:02 14624                     /usr/lib/x86_64-linux-gnu/libXau.so.6.0.0
7fd3e38d8000-7fd3e38d9000 rw-p 00003000 103:02 14624                     /usr/lib/x86_64-linux-gnu/libXau.so.6.0.0
7fd3e38d9000-7fd3e3a7d000 r-xp 00000000 103:02 6203                      /usr/lib/x86_64-linux-gnu/libicuuc.so.60.2
7fd3e3a7d000-7fd3e3c7c000 ---p 001a4000 103:02 6203                      /usr/lib/x86_64-linux-gnu/libicuuc.so.60.2
7fd3e3c7c000-7fd3e3c8f000 r--p 001a3000 103:02 6203                      /usr/lib/x86_64-linux-gnu/libicuuc.so.60.2
7fd3e3c8f000-7fd3e3c90000 rw-p 001b6000 103:02 6203                      /usr/lib/x86_64-linux-gnu/libicuuc.so.60.2
7fd3e3c90000-7fd3e3c91000 rw-p 00000000 00:00 0 
7fd3e3c91000-7fd3e3cb5000 r-xp 00000000 103:02 2104                      /lib/x86_64-linux-gnu/liblzma.so.5.2.2
7fd3e3cb5000-7fd3e3eb5000 ---p 00024000 103:02 2104                      /lib/x86_64-linux-gnu/liblzma.so.5.2.2
7fd3e3eb5000-7fd3e3eb6000 r--p 00024000 103:02 2104                      /lib/x86_64-linux-gnu/liblzma.so.5.2.2
7fd3e3eb6000-7fd3e3eb7000 rw-p 00025000 103:02 2104                      /lib/x86_64-linux-gnu/liblzma.so.5.2.2
7fd3e3eb7000-7fd3e3ebe000 r-xp 00000000 103:02 68019                     /usr/lib/x86_64-linux-gnu/libaec.so.0.0.3
7fd3e3ebe000-7fd3e40bd000 ---p 00007000 103:02 68019                     /usr/lib/x86_64-linux-gnu/libaec.so.0.0.3
7fd3e40bd000-7fd3e40be000 r--p 00006000 103:02 68019                     /usr/lib/x86_64-linux-gnu/libaec.so.0.0.3
7fd3e40be000-7fd3e40bf000 rw-p 00007000 103:02 68019                     /usr/lib/x86_64-linux-gnu/libaec.so.0.0.3
7fd3e40bf000-7fd3e40fe000 r-xp 00000000 103:02 57564                     /usr/lib/x86_64-linux-gnu/libquadmath.so.0.0.0
7fd3e40fe000-7fd3e42fd000 ---p 0003f000 103:02 57564                     /usr/lib/x86_64-linux-gnu/libquadmath.so.0.0.0
7fd3e42fd000-7fd3e42fe000 r--p 0003e000 103:02 57564                     /usr/lib/x86_64-linux-gnu/libquadmath.so.0.0.0
7fd3e42fe000-7fd3e42ff000 rw-p 0003f000 103:02 57564                     /usr/lib/x86_64-linux-gnu/libquadmath.so.0.0.0
7fd3e42ff000-7fd3e4324000 r-xp 00000000 103:02 2108                      /lib/x86_64-linux-gnu/libtinfo.so.5.9
7fd3e4324000-7fd3e4524000 ---p 00025000 103:02 2108                      /lib/x86_64-linux-gnu/libtinfo.so.5.9
7fd3e4524000-7fd3e4528000 r--p 00025000 103:02 2108                      /lib/x86_64-linux-gnu/libtinfo.so.5.9
7fd3e4528000-7fd3e4529000 rw-p 00029000 103:02 2108                      /lib/x86_64-linux-gnu/libtinfo.so.5.9
7fd3e4529000-7fd3e4530000 r-xp 00000000 103:02 31523                     /lib/x86_64-linux-gnu/librt-2.27.so
7fd3e4530000-7fd3e472f000 ---p 00007000 103:02 31523                     /lib/x86_64-linux-gnu/librt-2.27.so
7fd3e472f000-7fd3e4730000 r--p 00006000 103:02 31523                     /lib/x86_64-linux-gnu/librt-2.27.so
7fd3e4730000-7fd3e4731000 rw-p 00007000 103:02 31523                     /lib/x86_64-linux-gnu/librt-2.27.so
7fd3e4731000-7fd3e479d000 r-xp 00000000 103:02 68107                     /usr/lib/x86_64-linux-gnu/libmetis.so.5.1.0
7fd3e479d000-7fd3e499d000 ---p 0006c000 103:02 68107                     /usr/lib/x86_64-linux-gnu/libmetis.so.5.1.0
7fd3e499d000-7fd3e499e000 r--p 0006c000 103:02 68107                     /usr/lib/x86_64-linux-gnu/libmetis.so.5.1.0
7fd3e499e000-7fd3e499f000 rw-p 0006d000 103:02 68107                     /usr/lib/x86_64-linux-gnu/libmetis.so.5.1.0
7fd3e499f000-7fd3e49a8000 r-xp 00000000 103:02 68089                     /usr/lib/x86_64-linux-gnu/libcamd.so.2.4.6
7fd3e49a8000-7fd3e4ba7000 ---p 00009000 103:02 68089                     /usr/lib/x86_64-linux-gnu/libcamd.so.2.4.6
7fd3e4ba7000-7fd3e4ba8000 r--p 00008000 103:02 68089                     /usr/lib/x86_64-linux-gnu/libcamd.so.2.4.6
7fd3e4ba8000-7fd3e4ba9000 rw-p 00009000 103:02 68089                     /usr/lib/x86_64-linux-gnu/libcamd.so.2.4.6
7fd3e4ba9000-7fd3e4bb2000 r-xp 00000000 103:02 68095                     /usr/lib/x86_64-linux-gnu/libccolamd.so.2.9.6
7fd3e4bb2000-7fd3e4db1000 ---p 00009000 103:02 68095                     /usr/lib/x86_64-linux-gnu/libccolamd.so.2.9.6
7fd3e4db1000-7fd3e4db2000 r--p 00008000 103:02 68095                     /usr/lib/x86_64-linux-gnu/libccolamd.so.2.9.6
7fd3e4db2000-7fd3e4db3000 rw-p 00009000 103:02 68095                     /usr/lib/x86_64-linux-gnu/libccolamd.so.2.9.6
7fd3e4db3000-7fd3e4db9000 r-xp 00000000 103:02 68101                     /usr/lib/x86_64-linux-gnu/libcolamd.so.2.9.6
7fd3e4db9000-7fd3e4fb8000 ---p 00006000 103:02 68101                     /usr/lib/x86_64-linux-gnu/libcolamd.so.2.9.6
7fd3e4fb8000-7fd3e4fb9000 r--p 00005000 103:02 68101                     /usr/lib/x86_64-linux-gnu/libcolamd.so.2.9.6
7fd3e4fb9000-7fd3e4fba000 rw-p 00006000 103:02 68101                     /usr/lib/x86_64-linux-gnu/libcolamd.so.2.9.6
7fd3e4fba000-7fd3e4fc2000 r-xp 00000000 103:02 68032                     /usr/lib/x86_64-linux-gnu/libamd.so.2.4.6
7fd3e4fc2000-7fd3e51c1000 ---p 00008000 103:02 68032                     /usr/lib/x86_64-linux-gnu/libamd.so.2.4.6
7fd3e51c1000-7fd3e51c2000 r--p 00007000 103:02 68032                     /usr/lib/x86_64-linux-gnu/libamd.so.2.4.6
7fd3e51c2000-7fd3e51c3000 rw-p 00008000 103:02 68032                     /usr/lib/x86_64-linux-gnu/libamd.so.2.4.6
7fd3e51c3000-7fd3e51d0000 r-xp 00000000 103:02 4643                      /usr/lib/x86_64-linux-gnu/liblber-2.4.so.2.10.8
7fd3e51d0000-7fd3e53cf000 ---p 0000d000 103:02 4643                      /usr/lib/x86_64-linux-gnu/liblber-2.4.so.2.10.8
7fd3e53cf000-7fd3e53d0000 r--p 0000c000 103:02 4643                      /usr/lib/x86_64-linux-gnu/liblber-2.4.so.2.10.8
7fd3e53d0000-7fd3e53d1000 rw-p 0000d000 103:02 4643                      /usr/lib/x86_64-linux-gnu/liblber-2.4.so.2.10.8
7fd3e53d1000-7fd3e541f000 r-xp 00000000 103:02 4644                      /usr/lib/x86_64-linux-gnu/libldap_r-2.4.so.2.10.8
7fd3e541f000-7fd3e561e000 ---p 0004e000 103:02 4644                      /usr/lib/x86_64-linux-gnu/libldap_r-2.4.so.2.10.8
7fd3e561e000-7fd3e5620000 r--p 0004d000 103:02 4644                      /usr/lib/x86_64-linux-gnu/libldap_r-2.4.so.2.10.8
7fd3e5620000-7fd3e5621000 rw-p 0004f000 103:02 4644                      /usr/lib/x86_64-linux-gnu/libldap_r-2.4.so.2.10.8
7fd3e5621000-7fd3e5623000 rw-p 00000000 00:00 0 
7fd3e5623000-7fd3e566b000 r-xp 00000000 103:02 28949                     /usr/lib/x86_64-linux-gnu/libgssapi_krb5.so.2.2
7fd3e566b000-7fd3e586a000 ---p 00048000 103:02 28949                     /usr/lib/x86_64-linux-gnu/libgssapi_krb5.so.2.2
7fd3e586a000-7fd3e586c000 r--p 00047000 103:02 28949                     /usr/lib/x86_64-linux-gnu/libgssapi_krb5.so.2.2
7fd3e586c000-7fd3e586e000 rw-p 00049000 103:02 28949                     /usr/lib/x86_64-linux-gnu/libgssapi_krb5.so.2.2
7fd3e586e000-7fd3e59c6000 r-xp 00000000 103:02 19264                     /usr/lib/x86_64-linux-gnu/libgnutls.so.30.14.10
7fd3e59c6000-7fd3e5bc6000 ---p 00158000 103:02 19264                     /usr/lib/x86_64-linux-gnu/libgnutls.so.30.14.10
7fd3e5bc6000-7fd3e5bd2000 r--p 00158000 103:02 19264                     /usr/lib/x86_64-linux-gnu/libgnutls.so.30.14.10
7fd3e5bd2000-7fd3e5bd3000 rw-p 00164000 103:02 19264                     /usr/lib/x86_64-linux-gnu/libgnutls.so.30.14.10
7fd3e5bd3000-7fd3e5bd4000 rw-p 00000000 00:00 0 
7fd3e5bd4000-7fd3e5c08000 r-xp 00000000 103:02 6258                      /usr/lib/x86_64-linux-gnu/libnettle.so.6.4
7fd3e5c08000-7fd3e5e07000 ---p 00034000 103:02 6258                      /usr/lib/x86_64-linux-gnu/libnettle.so.6.4
7fd3e5e07000-7fd3e5e09000 r--p 00033000 103:02 6258                      /usr/lib/x86_64-linux-gnu/libnettle.so.6.4
7fd3e5e09000-7fd3e5e0a000 rw-p 00035000 103:02 6258                      /usr/lib/x86_64-linux-gnu/libnettle.so.6.4
7fd3e5e0a000-7fd3e5e17000 r-xp 00000000 103:02 6353                      /usr/lib/x86_64-linux-gnu/libpsl.so.5.2.0
7fd3e5e17000-7fd3e6016000 ---p 0000d000 103:02 6353                      /usr/lib/x86_64-linux-gnu/libpsl.so.5.2.0
7fd3e6016000-7fd3e6017000 r--p 0000c000 103:02 6353                      /usr/lib/x86_64-linux-gnu/libpsl.so.5.2.0
7fd3e6017000-7fd3e6018000 rw-p 0000d000 103:02 6353                      /usr/lib/x86_64-linux-gnu/libpsl.so.5.2.0
7fd3e6018000-7fd3e6033000 r-xp 00000000 103:02 6430                      /usr/lib/x86_64-linux-gnu/librtmp.so.1
7fd3e6033000-7fd3e6232000 ---p 0001b000 103:02 6430                      /usr/lib/x86_64-linux-gnu/librtmp.so.1
7fd3e6232000-7fd3e6233000 r--p 0001a000 103:02 6430                      /usr/lib/x86_64-linux-gnu/librtmp.so.1
7fd3e6233000-7fd3e6234000 rw-p 0001b000 103:02 6430                      /usr/lib/x86_64-linux-gnu/librtmp.so.1
7fd3e6234000-7fd3e6250000 r-xp 00000000 103:02 6194                      /usr/lib/x86_64-linux-gnu/libidn2.so.0.3.3
7fd3e6250000-7fd3e644f000 ---p 0001c000 103:02 6194                      /usr/lib/x86_64-linux-gnu/libidn2.so.0.3.3
7fd3e644f000-7fd3e6450000 r--p 0001b000 103:02 6194                      /usr/lib/x86_64-linux-gnu/libidn2.so.0.3.3
7fd3e6450000-7fd3e6451000 rw-p 0001c000 103:02 6194                      /usr/lib/x86_64-linux-gnu/libidn2.so.0.3.3
7fd3e6451000-7fd3e6474000 r-xp 00000000 103:02 6428                      /usr/lib/x86_64-linux-gnu/libnghttp2.so.14.15.2
7fd3e6474000-7fd3e6673000 ---p 00023000 103:02 6428                      /usr/lib/x86_64-linux-gnu/libnghttp2.so.14.15.2
7fd3e6673000-7fd3e6674000 r--p 00022000 103:02 6428                      /usr/lib/x86_64-linux-gnu/libnghttp2.so.14.15.2
7fd3e6674000-7fd3e6676000 rw-p 00023000 103:02 6428                      /usr/lib/x86_64-linux-gnu/libnghttp2.so.14.15.2
7fd3e6676000-7fd3e86eb000 r-xp 00000000 103:02 68049                     /usr/lib/x86_64-linux-gnu/libopenblasp-r0.2.20.so
7fd3e86eb000-7fd3e88ea000 ---p 02075000 103:02 68049                     /usr/lib/x86_64-linux-gnu/libopenblasp-r0.2.20.so
7fd3e88ea000-7fd3e88f0000 r--p 02074000 103:02 68049                     /usr/lib/x86_64-linux-gnu/libopenblasp-r0.2.20.so
7fd3e88f0000-7fd3e8903000 rw-p 0207a000 103:02 68049                     /usr/lib/x86_64-linux-gnu/libopenblasp-r0.2.20.so
7fd3e8903000-7fd3e891c000 rw-p 00000000 00:00 0 
7fd3e891c000-7fd3e8942000 r-xp 00000000 103:02 6280                      /usr/lib/x86_64-linux-gnu/libxcb.so.1.1.0
7fd3e8942000-7fd3e8b42000 ---p 00026000 103:02 6280                      /usr/lib/x86_64-linux-gnu/libxcb.so.1.1.0
7fd3e8b42000-7fd3e8b43000 r--p 00026000 103:02 6280                      /usr/lib/x86_64-linux-gnu/libxcb.so.1.1.0
7fd3e8b43000-7fd3e8b44000 rw-p 00027000 103:02 6280                      /usr/lib/x86_64-linux-gnu/libxcb.so.1.1.0
7fd3e8b44000-7fd3e8b73000 r-xp 00000000 103:02 2203                      /lib/x86_64-linux-gnu/libexpat.so.1.6.7
7fd3e8b73000-7fd3e8d73000 ---p 0002f000 103:02 2203                      /lib/x86_64-linux-gnu/libexpat.so.1.6.7
7fd3e8d73000-7fd3e8d75000 r--p 0002f000 103:02 2203                      /lib/x86_64-linux-gnu/libexpat.so.1.6.7
7fd3e8d75000-7fd3e8d76000 rw-p 00031000 103:02 2203                      /lib/x86_64-linux-gnu/libexpat.so.1.6.7
7fd3e8d76000-7fd3e8de4000 r-xp 00000000 103:02 62811                     /usr/lib/x86_64-linux-gnu/libGLdispatch.so.0.0.0
7fd3e8de4000-7fd3e8fe3000 ---p 0006e000 103:02 62811                     /usr/lib/x86_64-linux-gnu/libGLdispatch.so.0.0.0
7fd3e8fe3000-7fd3e900b000 r--p 0006d000 103:02 62811                     /usr/lib/x86_64-linux-gnu/libGLdispatch.so.0.0.0
7fd3e900b000-7fd3e900c000 rw-p 00095000 103:02 62811                     /usr/lib/x86_64-linux-gnu/libGLdispatch.so.0.0.0
7fd3e900c000-7fd3e902c000 rw-p 00000000 00:00 0 
7fd3e902c000-7fd3e903c000 r-xp 00000000 103:02 63345                     /usr/lib/x86_64-linux-gnu/libGLX.so.0.0.0
7fd3e903c000-7fd3e923b000 ---p 00010000 103:02 63345                     /usr/lib/x86_64-linux-gnu/libGLX.so.0.0.0
7fd3e923b000-7fd3e923c000 r--p 0000f000 103:02 63345                     /usr/lib/x86_64-linux-gnu/libGLX.so.0.0.0
7fd3e923c000-7fd3e923d000 rw-p 00010000 103:02 63345                     /usr/lib/x86_64-linux-gnu/libGLX.so.0.0.0
7fd3e923d000-7fd3e925d000 rw-p 00000000 00:00 0 
7fd3e925d000-7fd3e9413000 r-xp 00000000 103:02 6214                      /usr/lib/x86_64-linux-gnu/libxml2.so.2.9.4
7fd3e9413000-7fd3e9613000 ---p 001b6000 103:02 6214                      /usr/lib/x86_64-linux-gnu/libxml2.so.2.9.4
7fd3e9613000-7fd3e961b000 r--p 001b6000 103:02 6214                      /usr/lib/x86_64-linux-gnu/libxml2.so.2.9.4
7fd3e961b000-7fd3e961d000 rw-p 001be000 103:02 6214                      /usr/lib/x86_64-linux-gnu/libxml2.so.2.9.4
7fd3e961d000-7fd3e961e000 rw-p 00000000 00:00 0 
7fd3e961e000-7fd3e962d000 r-xp 00000000 103:02 2098                      /lib/x86_64-linux-gnu/libbz2.so.1.0.4
7fd3e962d000-7fd3e982c000 ---p 0000f000 103:02 2098                      /lib/x86_64-linux-gnu/libbz2.so.1.0.4
7fd3e982c000-7fd3e982d000 r--p 0000e000 103:02 2098                      /lib/x86_64-linux-gnu/libbz2.so.1.0.4
7fd3e982d000-7fd3e982e000 rw-p 0000f000 103:02 2098                      /lib/x86_64-linux-gnu/libbz2.so.1.0.4
7fd3e982e000-7fd3e983f000 r-xp 00000000 103:02 6284                      /usr/lib/x86_64-linux-gnu/libXext.so.6.4.0
7fd3e983f000-7fd3e9a3e000 ---p 00011000 103:02 6284                      /usr/lib/x86_64-linux-gnu/libXext.so.6.4.0
7fd3e9a3e000-7fd3e9a3f000 r--p 00010000 103:02 6284                      /usr/lib/x86_64-linux-gnu/libXext.so.6.4.0
7fd3e9a3f000-7fd3e9a40000 rw-p 00011000 103:02 6284                      /usr/lib/x86_64-linux-gnu/libXext.so.6.4.0
7fd3e9a40000-7fd3e9a5d000 r-xp 00000000 103:02 30105                     /usr/lib/x86_64-linux-gnu/libwmflite-0.2.so.7.0.1
7fd3e9a5d000-7fd3e9c5c000 ---p 0001d000 103:02 30105                     /usr/lib/x86_64-linux-gnu/libwmflite-0.2.so.7.0.1
7fd3e9c5c000-7fd3e9c5d000 r--p 0001c000 103:02 30105                     /usr/lib/x86_64-linux-gnu/libwmflite-0.2.so.7.0.1
7fd3e9c5d000-7fd3e9c5e000 rw-p 0001d000 103:02 30105                     /usr/lib/x86_64-linux-gnu/libwmflite-0.2.so.7.0.1
7fd3e9c5e000-7fd3e9c8f000 r-xp 00000000 103:02 6351                      /usr/lib/x86_64-linux-gnu/libpng16.so.16.34.0
7fd3e9c8f000-7fd3e9e8e000 ---p 00031000 103:02 6351                      /usr/lib/x86_64-linux-gnu/libpng16.so.16.34.0
7fd3e9e8e000-7fd3e9e8f000 r--p 00030000 103:02 6351                      /usr/lib/x86_64-linux-gnu/libpng16.so.16.34.0
7fd3e9e8f000-7fd3e9e90000 rw-p 00031000 103:02 6351                      /usr/lib/x86_64-linux-gnu/libpng16.so.16.34.0
7fd3e9e90000-7fd3e9ef7000 r-xp 00000000 103:02 15715                     /usr/lib/x86_64-linux-gnu/libjpeg.so.8.1.2
7fd3e9ef7000-7fd3ea0f6000 ---p 00067000 103:02 15715                     /usr/lib/x86_64-linux-gnu/libjpeg.so.8.1.2
7fd3ea0f6000-7fd3ea0f7000 r--p 00066000 103:02 15715                     /usr/lib/x86_64-linux-gnu/libjpeg.so.8.1.2
7fd3ea0f7000-7fd3ea0f8000 rw-p 00067000 103:02 15715                     /usr/lib/x86_64-linux-gnu/libjpeg.so.8.1.2
7fd3ea0f8000-7fd3ea16b000 r-xp 00000000 103:02 15766                     /usr/lib/x86_64-linux-gnu/libtiff.so.5.3.0
7fd3ea16b000-7fd3ea36a000 ---p 00073000 103:02 15766                     /usr/lib/x86_64-linux-gnu/libtiff.so.5.3.0
7fd3ea36a000-7fd3ea36e000 r--p 00072000 103:02 15766                     /usr/lib/x86_64-linux-gnu/libtiff.so.5.3.0
7fd3ea36e000-7fd3ea36f000 rw-p 00076000 103:02 15766                     /usr/lib/x86_64-linux-gnu/libtiff.so.5.3.0
7fd3ea36f000-7fd3ea3c1000 r-xp 00000000 103:02 15748                     /usr/lib/x86_64-linux-gnu/liblcms2.so.2.0.8
7fd3ea3c1000-7fd3ea5c1000 ---p 00052000 103:02 15748                     /usr/lib/x86_64-linux-gnu/liblcms2.so.2.0.8
7fd3ea5c1000-7fd3ea5c3000 r--p 00052000 103:02 15748                     /usr/lib/x86_64-linux-gnu/liblcms2.so.2.0.8
7fd3ea5c3000-7fd3ea5c6000 rw-p 00054000 103:02 15748                     /usr/lib/x86_64-linux-gnu/liblcms2.so.2.0.8
7fd3ea5c6000-7fd3ea5c7000 rw-p 00000000 00:00 0 
7fd3ea5c7000-7fd3ea5d0000 r-xp 00000000 103:02 30284                     /usr/lib/x86_64-linux-gnu/libwebpmux.so.3.0.1
7fd3ea5d0000-7fd3ea7cf000 ---p 00009000 103:02 30284                     /usr/lib/x86_64-linux-gnu/libwebpmux.so.3.0.1
7fd3ea7cf000-7fd3ea7d0000 r--p 00008000 103:02 30284                     /usr/lib/x86_64-linux-gnu/libwebpmux.so.3.0.1
7fd3ea7d0000-7fd3ea7d1000 rw-p 00009000 103:02 30284                     /usr/lib/x86_64-linux-gnu/libwebpmux.so.3.0.1
7fd3ea7d1000-7fd3ea837000 r-xp 00000000 103:02 30272                     /usr/lib/x86_64-linux-gnu/libwebp.so.6.0.2
7fd3ea837000-7fd3eaa36000 ---p 00066000 103:02 30272                     /usr/lib/x86_64-linux-gnu/libwebp.so.6.0.2
7fd3eaa36000-7fd3eaa37000 r--p 00065000 103:02 30272                     /usr/lib/x86_64-linux-gnu/libwebp.so.6.0.2
7fd3eaa37000-7fd3eaa38000 rw-p 00066000 103:02 30272                     /usr/lib/x86_64-linux-gnu/libwebp.so.6.0.2
7fd3eaa38000-7fd3eaa3a000 rw-p 00000000 00:00 0 
7fd3eaa3a000-7fd3eaa45000 r-xp 00000000 103:02 15739                     /usr/lib/x86_64-linux-gnu/libjbig.so.0
7fd3eaa45000-7fd3eac44000 ---p 0000b000 103:02 15739                     /usr/lib/x86_64-linux-gnu/libjbig.so.0
7fd3eac44000-7fd3eac45000 r--p 0000a000 103:02 15739                     /usr/lib/x86_64-linux-gnu/libjbig.so.0
7fd3eac45000-7fd3eac48000 rw-p 0000b000 103:02 15739                     /usr/lib/x86_64-linux-gnu/libjbig.so.0
7fd3eac48000-7fd3eac4a000 r-xp 00000000 103:02 68460                     /usr/lib/x86_64-linux-gnu/libsz.so.2.0.1
7fd3eac4a000-7fd3eae49000 ---p 00002000 103:02 68460                     /usr/lib/x86_64-linux-gnu/libsz.so.2.0.1
7fd3eae49000-7fd3eae4a000 r--p 00001000 103:02 68460                     /usr/lib/x86_64-linux-gnu/libsz.so.2.0.1
7fd3eae4a000-7fd3eae4b000 rw-p 00002000 103:02 68460                     /usr/lib/x86_64-linux-gnu/libsz.so.2.0.1
7fd3eae4b000-7fd3eb027000 r-xp 00000000 103:02 67739                     /usr/lib/x86_64-linux-gnu/libgfortran.so.4.0.0
7fd3eb027000-7fd3eb227000 ---p 001dc000 103:02 67739                     /usr/lib/x86_64-linux-gnu/libgfortran.so.4.0.0
7fd3eb227000-7fd3eb228000 r--p 001dc000 103:02 67739                     /usr/lib/x86_64-linux-gnu/libgfortran.so.4.0.0
7fd3eb228000-7fd3eb229000 rw-p 001dd000 103:02 67739                     /usr/lib/x86_64-linux-gnu/libgfortran.so.4.0.0
7fd3eb229000-7fd3eb22a000 rw-p 00000000 00:00 0 
7fd3eb22a000-7fd3eb22d000 r-xp 00000000 103:02 31509                     /lib/x86_64-linux-gnu/libdl-2.27.so
7fd3eb22d000-7fd3eb42c000 ---p 00003000 103:02 31509                     /lib/x86_64-linux-gnu/libdl-2.27.so
7fd3eb42c000-7fd3eb42d000 r--p 00002000 103:02 31509                     /lib/x86_64-linux-gnu/libdl-2.27.so
7fd3eb42d000-7fd3eb42e000 rw-p 00003000 103:02 31509                     /lib/x86_64-linux-gnu/libdl-2.27.so
7fd3eb42e000-7fd3eb49e000 r-xp 00000000 103:02 2159                      /lib/x86_64-linux-gnu/libpcre.so.3.13.3
7fd3eb49e000-7fd3eb69e000 ---p 00070000 103:02 2159                      /lib/x86_64-linux-gnu/libpcre.so.3.13.3
7fd3eb69e000-7fd3eb69f000 r--p 00070000 103:02 2159                      /lib/x86_64-linux-gnu/libpcre.so.3.13.3
7fd3eb69f000-7fd3eb6a0000 rw-p 00071000 103:02 2159                      /lib/x86_64-linux-gnu/libpcre.so.3.13.3
7fd3eb6a0000-7fd3eb6e1000 r-xp 00000000 103:02 2243                      /lib/x86_64-linux-gnu/libreadline.so.7.0
7fd3eb6e1000-7fd3eb8e0000 ---p 00041000 103:02 2243                      /lib/x86_64-linux-gnu/libreadline.so.7.0
7fd3eb8e0000-7fd3eb8e2000 r--p 00040000 103:02 2243                      /lib/x86_64-linux-gnu/libreadline.so.7.0
7fd3eb8e2000-7fd3eb8e8000 rw-p 00042000 103:02 2243                      /lib/x86_64-linux-gnu/libreadline.so.7.0
7fd3eb8e8000-7fd3eb8e9000 rw-p 00000000 00:00 0 
7fd3eb8e9000-7fd3eb93f000 r-xp 00000000 103:02 542178                    /usr/lib/x86_64-linux-gnu/openblas/libblas.so.3
7fd3eb93f000-7fd3ebb3e000 ---p 00056000 103:02 542178                    /usr/lib/x86_64-linux-gnu/openblas/libblas.so.3
7fd3ebb3e000-7fd3ebb43000 r--p 00055000 103:02 542178                    /usr/lib/x86_64-linux-gnu/openblas/libblas.so.3
7fd3ebb43000-7fd3ebb44000 rw-p 0005a000 103:02 542178                    /usr/lib/x86_64-linux-gnu/openblas/libblas.so.3
7fd3ebb44000-7fd3ebd40000 r-xp 00000000 103:02 63274                     /usr/lib/x86_64-linux-gnu/libfftw3f.so.3.5.7
7fd3ebd40000-7fd3ebf3f000 ---p 001fc000 103:02 63274                     /usr/lib/x86_64-linux-gnu/libfftw3f.so.3.5.7
7fd3ebf3f000-7fd3ebf50000 r--p 001fb000 103:02 63274                     /usr/lib/x86_64-linux-gnu/libfftw3f.so.3.5.7
7fd3ebf50000-7fd3ebf51000 rw-p 0020c000 103:02 63274                     /usr/lib/x86_64-linux-gnu/libfftw3f.so.3.5.7
7fd3ebf51000-7fd3ebf57000 r-xp 00000000 103:02 63292                     /usr/lib/x86_64-linux-gnu/libfftw3f_threads.so.3.5.7
7fd3ebf57000-7fd3ec156000 ---p 00006000 103:02 63292                     /usr/lib/x86_64-linux-gnu/libfftw3f_threads.so.3.5.7
7fd3ec156000-7fd3ec157000 r--p 00005000 103:02 63292                     /usr/lib/x86_64-linux-gnu/libfftw3f_threads.so.3.5.7
7fd3ec157000-7fd3ec158000 rw-p 00006000 103:02 63292                     /usr/lib/x86_64-linux-gnu/libfftw3f_threads.so.3.5.7
7fd3ec158000-7fd3ec349000 r-xp 00000000 103:02 15729                     /usr/lib/x86_64-linux-gnu/libfftw3.so.3.5.7
7fd3ec349000-7fd3ec548000 ---p 001f1000 103:02 15729                     /usr/lib/x86_64-linux-gnu/libfftw3.so.3.5.7
7fd3ec548000-7fd3ec559000 r--p 001f0000 103:02 15729                     /usr/lib/x86_64-linux-gnu/libfftw3.so.3.5.7
7fd3ec559000-7fd3ec55a000 rw-p 00201000 103:02 15729                     /usr/lib/x86_64-linux-gnu/libfftw3.so.3.5.7
7fd3ec55a000-7fd3ec560000 r-xp 00000000 103:02 15731                     /usr/lib/x86_64-linux-gnu/libfftw3_threads.so.3.5.7
7fd3ec560000-7fd3ec75f000 ---p 00006000 103:02 15731                     /usr/lib/x86_64-linux-gnu/libfftw3_threads.so.3.5.7
7fd3ec75f000-7fd3ec760000 r--p 00005000 103:02 15731                     /usr/lib/x86_64-linux-gnu/libfftw3_threads.so.3.5.7
7fd3ec760000-7fd3ec761000 rw-p 00006000 103:02 15731                     /usr/lib/x86_64-linux-gnu/libfftw3_threads.so.3.5.7
7fd3ec761000-7fd3ec778000 r-xp 00000000 103:02 68696                     /usr/lib/x86_64-linux-gnu/libqrupdate.so.1.1
7fd3ec778000-7fd3ec977000 ---p 00017000 103:02 68696                     /usr/lib/x86_64-linux-gnu/libqrupdate.so.1.1
7fd3ec977000-7fd3ec978000 r--p 00016000 103:02 68696                     /usr/lib/x86_64-linux-gnu/libqrupdate.so.1.1
7fd3ec978000-7fd3ec979000 rw-p 00017000 103:02 68696                     /usr/lib/x86_64-linux-gnu/libqrupdate.so.1.1
7fd3ec979000-7fd3ec9c2000 r-xp 00000000 103:02 68059                     /usr/lib/x86_64-linux-gnu/libarpack.so.2.0.0
7fd3ec9c2000-7fd3ecbc1000 ---p 00049000 103:02 68059                     /usr/lib/x86_64-linux-gnu/libarpack.so.2.0.0
7fd3ecbc1000-7fd3ecbc2000 r--p 00048000 103:02 68059                     /usr/lib/x86_64-linux-gnu/libarpack.so.2.0.0
7fd3ecbc2000-7fd3ecbc3000 rw-p 00049000 103:02 68059                     /usr/lib/x86_64-linux-gnu/libarpack.so.2.0.0
7fd3ecbc3000-7fd3ecbc5000 r-xp 00000000 103:02 68025                     /usr/lib/x86_64-linux-gnu/libsuitesparseconfig.so.5.1.2
7fd3ecbc5000-7fd3ecdc4000 ---p 00002000 103:02 68025                     /usr/lib/x86_64-linux-gnu/libsuitesparseconfig.so.5.1.2
7fd3ecdc4000-7fd3ecdc5000 r--p 00001000 103:02 68025                     /usr/lib/x86_64-linux-gnu/libsuitesparseconfig.so.5.1.2
7fd3ecdc5000-7fd3ecdc6000 rw-p 00002000 103:02 68025                     /usr/lib/x86_64-linux-gnu/libsuitesparseconfig.so.5.1.2
7fd3ecdc6000-7fd3ecdf0000 r-xp 00000000 103:02 68127                     /usr/lib/x86_64-linux-gnu/libcxsparse.so.3.2.0
7fd3ecdf0000-7fd3ecfef000 ---p 0002a000 103:02 68127                     /usr/lib/x86_64-linux-gnu/libcxsparse.so.3.2.0
7fd3ecfef000-7fd3ecff0000 r--p 00029000 103:02 68127                     /usr/lib/x86_64-linux-gnu/libcxsparse.so.3.2.0
7fd3ecff0000-7fd3ecff1000 rw-p 0002a000 103:02 68127                     /usr/lib/x86_64-linux-gnu/libcxsparse.so.3.2.0
7fd3ecff1000-7fd3ed09c000 r-xp 00000000 103:02 68702                     /usr/lib/x86_64-linux-gnu/libumfpack.so.5.7.6
7fd3ed09c000-7fd3ed29b000 ---p 000ab000 103:02 68702                     /usr/lib/x86_64-linux-gnu/libumfpack.so.5.7.6
7fd3ed29b000-7fd3ed29c000 r--p 000aa000 103:02 68702                     /usr/lib/x86_64-linux-gnu/libumfpack.so.5.7.6
7fd3ed29c000-7fd3ed29d000 rw-p 000ab000 103:02 68702                     /usr/lib/x86_64-linux-gnu/libumfpack.so.5.7.6
7fd3ed29d000-7fd3ed371000 r-xp 00000000 103:02 68113                     /usr/lib/x86_64-linux-gnu/libcholmod.so.3.0.11
7fd3ed371000-7fd3ed571000 ---p 000d4000 103:02 68113                     /usr/lib/x86_64-linux-gnu/libcholmod.so.3.0.11
7fd3ed571000-7fd3ed572000 r--p 000d4000 103:02 68113                     /usr/lib/x86_64-linux-gnu/libcholmod.so.3.0.11
7fd3ed572000-7fd3ed573000 rw-p 000d5000 103:02 68113                     /usr/lib/x86_64-linux-gnu/libcholmod.so.3.0.11
7fd3ed573000-7fd3ed5ed000 r-xp 00000000 103:02 18567                     /usr/lib/x86_64-linux-gnu/libcurl-gnutls.so.4.5.0
7fd3ed5ed000-7fd3ed7ec000 ---p 0007a000 103:02 18567                     /usr/lib/x86_64-linux-gnu/libcurl-gnutls.so.4.5.0
7fd3ed7ec000-7fd3ed7ef000 r--p 00079000 103:02 18567                     /usr/lib/x86_64-linux-gnu/libcurl-gnutls.so.4.5.0
7fd3ed7ef000-7fd3ed7f0000 rw-p 0007c000 103:02 18567                     /usr/lib/x86_64-linux-gnu/libcurl-gnutls.so.4.5.0
7fd3ed7f0000-7fd3ed80a000 r-xp 00000000 103:02 31521                     /lib/x86_64-linux-gnu/libpthread-2.27.so
7fd3ed80a000-7fd3eda09000 ---p 0001a000 103:02 31521                     /lib/x86_64-linux-gnu/libpthread-2.27.so
7fd3eda09000-7fd3eda0a000 r--p 00019000 103:02 31521                     /lib/x86_64-linux-gnu/libpthread-2.27.so
7fd3eda0a000-7fd3eda0b000 rw-p 0001a000 103:02 31521                     /lib/x86_64-linux-gnu/libpthread-2.27.so
7fd3eda0b000-7fd3eda0f000 rw-p 00000000 00:00 0 
7fd3eda0f000-7fd3eda3d000 r-xp 00000000 103:02 15722                     /usr/lib/x86_64-linux-gnu/libgomp.so.1.0.0
7fd3eda3d000-7fd3edc3c000 ---p 0002e000 103:02 15722                     /usr/lib/x86_64-linux-gnu/libgomp.so.1.0.0
7fd3edc3c000-7fd3edc3d000 r--p 0002d000 103:02 15722                     /usr/lib/x86_64-linux-gnu/libgomp.so.1.0.0
7fd3edc3d000-7fd3edc3e000 rw-p 0002e000 103:02 15722                     /usr/lib/x86_64-linux-gnu/libgomp.so.1.0.0
7fd3edc3e000-7fd3edddb000 r-xp 00000000 103:02 31510                     /lib/x86_64-linux-gnu/libm-2.27.so
7fd3edddb000-7fd3edfda000 ---p 0019d000 103:02 31510                     /lib/x86_64-linux-gnu/libm-2.27.so
7fd3edfda000-7fd3edfdb000 r--p 0019c000 103:02 31510                     /lib/x86_64-linux-gnu/libm-2.27.so
7fd3edfdb000-7fd3edfdc000 rw-p 0019d000 103:02 31510                     /lib/x86_64-linux-gnu/libm-2.27.so
7fd3edfdc000-7fd3ee660000 r-xp 00000000 103:02 542179                    /usr/lib/x86_64-linux-gnu/openblas/liblapack.so.3
7fd3ee660000-7fd3ee85f000 ---p 00684000 103:02 542179                    /usr/lib/x86_64-linux-gnu/openblas/liblapack.so.3
7fd3ee85f000-7fd3ee860000 r--p 00683000 103:02 542179                    /usr/lib/x86_64-linux-gnu/openblas/liblapack.so.3
7fd3ee860000-7fd3ee862000 rw-p 00684000 103:02 542179                    /usr/lib/x86_64-linux-gnu/openblas/liblapack.so.3
7fd3ee862000-7fd3ee875000 r-xp 00000000 103:02 67885                     /usr/lib/x86_64-linux-gnu/libgl2ps.so.1.4.0
7fd3ee875000-7fd3eea74000 ---p 00013000 103:02 67885                     /usr/lib/x86_64-linux-gnu/libgl2ps.so.1.4.0
7fd3eea74000-7fd3eea75000 r--p 00012000 103:02 67885                     /usr/lib/x86_64-linux-gnu/libgl2ps.so.1.4.0
7fd3eea75000-7fd3eea76000 rw-p 00013000 103:02 67885                     /usr/lib/x86_64-linux-gnu/libgl2ps.so.1.4.0
7fd3eea76000-7fd3eeba9000 r-xp 00000000 103:02 27276                     /usr/lib/x86_64-linux-gnu/libX11.so.6.3.0
7fd3eeba9000-7fd3eeda9000 ---p 00133000 103:02 27276                     /usr/lib/x86_64-linux-gnu/libX11.so.6.3.0
7fd3eeda9000-7fd3eedaa000 r--p 00133000 103:02 27276                     /usr/lib/x86_64-linux-gnu/libX11.so.6.3.0
7fd3eedaa000-7fd3eedae000 rw-p 00134000 103:02 27276                     /usr/lib/x86_64-linux-gnu/libX11.so.6.3.0
7fd3eedae000-7fd3eee5b000 r-xp 00000000 103:02 12741                     /usr/lib/x86_64-linux-gnu/libfreetype.so.6.15.0
7fd3eee5b000-7fd3ef05a000 ---p 000ad000 103:02 12741                     /usr/lib/x86_64-linux-gnu/libfreetype.so.6.15.0
7fd3ef05a000-7fd3ef061000 r--p 000ac000 103:02 12741                     /usr/lib/x86_64-linux-gnu/libfreetype.so.6.15.0
7fd3ef061000-7fd3ef062000 rw-p 000b3000 103:02 12741                     /usr/lib/x86_64-linux-gnu/libfreetype.so.6.15.0
7fd3ef062000-7fd3ef0a0000 r-xp 00000000 103:02 14255                     /usr/lib/x86_64-linux-gnu/libfontconfig.so.1.10.1
7fd3ef0a0000-7fd3ef2a0000 ---p 0003e000 103:02 14255                     /usr/lib/x86_64-linux-gnu/libfontconfig.so.1.10.1
7fd3ef2a0000-7fd3ef2a2000 r--p 0003e000 103:02 14255                     /usr/lib/x86_64-linux-gnu/libfontconfig.so.1.10.1
7fd3ef2a2000-7fd3ef2a7000 rw-p 00040000 103:02 14255                     /usr/lib/x86_64-linux-gnu/libfontconfig.so.1.10.1
7fd3ef2a7000-7fd3ef314000 r-xp 00000000 103:02 68689                     /usr/lib/x86_64-linux-gnu/libGLU.so.1.3.1
7fd3ef314000-7fd3ef514000 ---p 0006d000 103:02 68689                     /usr/lib/x86_64-linux-gnu/libGLU.so.1.3.1
7fd3ef514000-7fd3ef515000 r--p 0006d000 103:02 68689                     /usr/lib/x86_64-linux-gnu/libGLU.so.1.3.1
7fd3ef515000-7fd3ef516000 rw-p 0006e000 103:02 68689                     /usr/lib/x86_64-linux-gnu/libGLU.so.1.3.1
7fd3ef516000-7fd3ef587000 r-xp 00000000 103:02 63351                     /usr/lib/x86_64-linux-gnu/libGL.so.1.0.0
7fd3ef587000-7fd3ef786000 ---p 00071000 103:02 63351                     /usr/lib/x86_64-linux-gnu/libGL.so.1.0.0
7fd3ef786000-7fd3ef7a0000 r--p 00070000 103:02 63351                     /usr/lib/x86_64-linux-gnu/libGL.so.1.0.0
7fd3ef7a0000-7fd3ef7a1000 rw-p 0008a000 103:02 63351                     /usr/lib/x86_64-linux-gnu/libGL.so.1.0.0
7fd3ef7a1000-7fd3ef7a2000 rw-p 00000000 00:00 0 
7fd3ef7a2000-7fd3ef7be000 r-xp 00000000 103:02 2184                      /lib/x86_64-linux-gnu/libz.so.1.2.11
7fd3ef7be000-7fd3ef9bd000 ---p 0001c000 103:02 2184                      /lib/x86_64-linux-gnu/libz.so.1.2.11
7fd3ef9bd000-7fd3ef9be000 r--p 0001b000 103:02 2184                      /lib/x86_64-linux-gnu/libz.so.1.2.11
7fd3ef9be000-7fd3ef9bf000 rw-p 0001c000 103:02 2184                      /lib/x86_64-linux-gnu/libz.so.1.2.11
7fd3ef9bf000-7fd3efc83000 r-xp 00000000 103:02 68305                     /usr/lib/libGraphicsMagick-Q16.so.3.17.2
7fd3efc83000-7fd3efe82000 ---p 002c4000 103:02 68305                     /usr/lib/libGraphicsMagick-Q16.so.3.17.2
7fd3efe82000-7fd3efedb000 r--p 002c3000 103:02 68305                     /usr/lib/libGraphicsMagick-Q16.so.3.17.2
7fd3efedb000-7fd3efefe000 rw-p 0031c000 103:02 68305                     /usr/lib/libGraphicsMagick-Q16.so.3.17.2
7fd3efefe000-7fd3eff16000 rw-p 00000000 00:00 0 
7fd3eff16000-7fd3eff82000 r-xp 00000000 103:02 68313                     /usr/lib/libGraphicsMagick++-Q16.so.12.3.1
7fd3eff82000-7fd3f0181000 ---p 0006c000 103:02 68313                     /usr/lib/libGraphicsMagick++-Q16.so.12.3.1
7fd3f0181000-7fd3f0184000 r--p 0006b000 103:02 68313                     /usr/lib/libGraphicsMagick++-Q16.so.12.3.1
7fd3f0184000-7fd3f0186000 rw-p 0006e000 103:02 68313                     /usr/lib/libGraphicsMagick++-Q16.so.12.3.1
7fd3f0186000-7fd3f04ce000 r-xp 00000000 103:02 68466                     /usr/lib/x86_64-linux-gnu/libhdf5_serial.so.100.0.1
7fd3f04ce000-7fd3f06ce000 ---p 00348000 103:02 68466                     /usr/lib/x86_64-linux-gnu/libhdf5_serial.so.100.0.1
7fd3f06ce000-7fd3f06d6000 r--p 00348000 103:02 68466                     /usr/lib/x86_64-linux-gnu/libhdf5_serial.so.100.0.1
7fd3f06d6000-7fd3f06db000 rw-p 00350000 103:02 68466                     /usr/lib/x86_64-linux-gnu/libhdf5_serial.so.100.0.1
7fd3f06db000-7fd3f06de000 rw-p 00000000 00:00 0 
7fd3f06de000-7fd3f08c5000 r-xp 00000000 103:02 31506                     /lib/x86_64-linux-gnu/libc-2.27.so
7fd3f08c5000-7fd3f0ac5000 ---p 001e7000 103:02 31506                     /lib/x86_64-linux-gnu/libc-2.27.so
7fd3f0ac5000-7fd3f0ac9000 r--p 001e7000 103:02 31506                     /lib/x86_64-linux-gnu/libc-2.27.so
7fd3f0ac9000-7fd3f0acb000 rw-p 001eb000 103:02 31506                     /lib/x86_64-linux-gnu/libc-2.27.so
7fd3f0acb000-7fd3f0acf000 rw-p 00000000 00:00 0 
7fd3f0acf000-7fd3f0ae6000 r-xp 00000000 103:02 2097                      /lib/x86_64-linux-gnu/libgcc_s.so.1
7fd3f0ae6000-7fd3f0ce5000 ---p 00017000 103:02 2097                      /lib/x86_64-linux-gnu/libgcc_s.so.1
7fd3f0ce5000-7fd3f0ce6000 r--p 00016000 103:02 2097                      /lib/x86_64-linux-gnu/libgcc_s.so.1
7fd3f0ce6000-7fd3f0ce7000 rw-p 00017000 103:02 2097                      /lib/x86_64-linux-gnu/libgcc_s.so.1
7fd3f0ce7000-7fd3f0e60000 r-xp 00000000 103:02 5019                      /usr/lib/x86_64-linux-gnu/libstdc++.so.6.0.25
7fd3f0e60000-7fd3f1060000 ---p 00179000 103:02 5019                      /usr/lib/x86_64-linux-gnu/libstdc++.so.6.0.25
7fd3f1060000-7fd3f106a000 r--p 00179000 103:02 5019                      /usr/lib/x86_64-linux-gnu/libstdc++.so.6.0.25
7fd3f106a000-7fd3f106c000 rw-p 00183000 103:02 5019                      /usr/lib/x86_64-linux-gnu/libstdc++.so.6.0.25
7fd3f106c000-7fd3f1070000 rw-p 00000000 00:00 0 
7fd3f1070000-7fd3f2060000 r-xp 00000000 103:02 68709                     /usr/lib/x86_64-linux-gnu/liboctave.so.4.0.0
7fd3f2060000-7fd3f225f000 ---p 00ff0000 103:02 68709                     /usr/lib/x86_64-linux-gnu/liboctave.so.4.0.0
7fd3f225f000-7fd3f2266000 r--p 00fef000 103:02 68709                     /usr/lib/x86_64-linux-gnu/liboctave.so.4.0.0
7fd3f2266000-7fd3f2269000 rw-p 00ff6000 103:02 68709                     /usr/lib/x86_64-linux-gnu/liboctave.so.4.0.0
7fd3f2269000-7fd3f2271000 rw-p 00000000 00:00 0 
7fd3f2271000-7fd3f3268000 r-xp 00000000 103:02 68710                     /usr/lib/x86_64-linux-gnu/liboctinterp.so.4.0.0
7fd3f3268000-7fd3f3468000 ---p 00ff7000 103:02 68710                     /usr/lib/x86_64-linux-gnu/liboctinterp.so.4.0.0
7fd3f3468000-7fd3f34af000 r--p 00ff7000 103:02 68710                     /usr/lib/x86_64-linux-gnu/liboctinterp.so.4.0.0
7fd3f34af000-7fd3f34c0000 rw-p 0103e000 103:02 68710                     /usr/lib/x86_64-linux-gnu/liboctinterp.so.4.0.0
7fd3f34c0000-7fd3f34cb000 rw-p 00000000 00:00 0 
7fd3f34cb000-7fd3f34f4000 r-xp 00000000 103:02 31502                     /lib/x86_64-linux-gnu/ld-2.27.so
7fd3f352d000-7fd3f3680000 rw-p 00000000 00:00 0 
7fd3f369b000-7fd3f36a0000 rw-p 00000000 00:00 0 
7fd3f36a0000-7fd3f36a7000 ---p 00000000 00:00 0 
7fd3f36a7000-7fd3f36e5000 rw-p 00000000 00:00 0 
7fd3f36ea000-7fd3f36f2000 rw-s 00000000 103:02 797159                    /tmp/hsperfdata_herzs/16046
7fd3f36f2000-7fd3f36f3000 ---p 00000000 00:00 0 
7fd3f36f3000-7fd3f36f4000 r--p 00000000 00:00 0 
7fd3f36f4000-7fd3f36f5000 r--p 00029000 103:02 31502                     /lib/x86_64-linux-gnu/ld-2.27.so
7fd3f36f5000-7fd3f36f6000 rw-p 0002a000 103:02 31502                     /lib/x86_64-linux-gnu/ld-2.27.so
7fd3f36f6000-7fd3f36f7000 rw-p 00000000 00:00 0 
7ffd45f8d000-7ffd45f91000 ---p 00000000 00:00 0 
7ffd45f91000-7ffd4608d000 rw-p 00000000 00:00 0                          [stack]
7ffd460da000-7ffd460dd000 r--p 00000000 00:00 0                          [vvar]
7ffd460dd000-7ffd460df000 r-xp 00000000 00:00 0                          [vdso]
ffffffffff600000-ffffffffff601000 r-xp 00000000 00:00 0                  [vsyscall]


VM Arguments:
jvm_args: -Xrs -Djava.system.class.loader=org.octave.OctClassLoader 
java_command: <unknown>
java_class_path (initial): /usr/share/octave/4.2.2/m/java/octave.jar
Launcher Type: generic

[Global flags]
     intx CICompilerCount                          = 2                                         {product} {ergonomic}
     uint ConcGCThreads                            = 1                                         {product} {ergonomic}
     uint G1ConcRefinementThreads                  = 2                                         {product} {ergonomic}
   size_t G1HeapRegionSize                         = 1048576                                   {product} {ergonomic}
    uintx GCDrainStackTargetSize                   = 64                                        {product} {ergonomic}
   size_t InitialHeapSize                          = 260046848                                 {product} {ergonomic}
   size_t MarkStackSize                            = 4194304                                   {product} {ergonomic}
   size_t MaxHeapSize                              = 4129292288                                {product} {ergonomic}
   size_t MinHeapDeltaBytes                        = 1048576                                   {product} {ergonomic}
    uintx NonNMethodCodeHeapSize                   = 5825164                                {pd product} {ergonomic}
    uintx NonProfiledCodeHeapSize                  = 122916538                              {pd product} {ergonomic}
    uintx ProfiledCodeHeapSize                     = 122916538                              {pd product} {ergonomic}
     bool ReduceSignalUsage                        = true                                      {product} {command line}
    uintx ReservedCodeCacheSize                    = 251658240                              {pd product} {ergonomic}
     bool SegmentedCodeCache                       = true                                      {product} {ergonomic}
     bool UseCompressedClassPointers               = true                                 {lp64_product} {ergonomic}
     bool UseCompressedOops                        = true                                 {lp64_product} {ergonomic}
     bool UseG1GC                                  = true                                      {product} {ergonomic}

Logging:
Log output configuration:
 #0: stdout all=warning uptime,level,tags
 #1: stderr all=off uptime,level,tags

Environment Variables:
PATH=/usr/local/sbin:/usr/local/bin:/usr/sbin:/usr/bin:/sbin:/bin:/snap/bin:/usr/lib/x86_64-linux-gnu/octave/4.2.2/site/exec/x86_64-pc-linux-gnu:/usr/lib/x86_64-linux-gnu/octave/api-v51/site/exec/x86_64-pc-linux-gnu:/usr/lib/x86_64-linux-gnu/octave/site/exec/x86_64-pc-linux-gnu:/usr/lib/x86_64-linux-gnu/octave/4.2.2/exec/x86_64-pc-linux-gnu:/usr/bin
SHELL=/bin/bash
LANG=C.UTF-8

Signal Handlers:
SIGSEGV: [libjvm.so+0xeeaf50], sa_mask[0]=11111111011111111101111111111110, sa_flags=SA_RESTART|SA_SIGINFO
SIGBUS: [libjvm.so+0xeeaf50], sa_mask[0]=11111111011111111101111111111110, sa_flags=SA_RESTART|SA_SIGINFO
SIGFPE: [libjvm.so+0xeeaf50], sa_mask[0]=11111111011111111101111111111110, sa_flags=SA_RESTART|SA_SIGINFO
SIGPIPE: [libjvm.so+0xc0ee30], sa_mask[0]=11111111011111111101111111111110, sa_flags=SA_RESTART|SA_SIGINFO
SIGXFSZ: [libjvm.so+0xc0ee30], sa_mask[0]=11111111011111111101111111111110, sa_flags=SA_RESTART|SA_SIGINFO
SIGILL: [libjvm.so+0xeeaf50], sa_mask[0]=11111111011111111101111111111110, sa_flags=SA_RESTART|SA_SIGINFO
SIGUSR2: [libjvm.so+0xc0ecd0], sa_mask[0]=00000000000000000000000000000000, sa_flags=SA_RESTART|SA_SIGINFO
SIGHUP: [liboctinterp.so.4+0xcfbf30], sa_mask[0]=00000000000000000000000000000000, sa_flags=SA_RESTART
SIGINT: [liboctinterp.so.4+0xcfd0a0], sa_mask[0]=00000000000000000000000000000000, sa_flags=SA_RESTART
SIGTERM: [liboctinterp.so.4+0xcfbf00], sa_mask[0]=00000000000000000000000000000000, sa_flags=SA_RESTART
SIGQUIT: [liboctinterp.so.4+0xcfc300], sa_mask[0]=00000000000000000000000000000000, sa_flags=SA_RESTART


---------------  S Y S T E M  ---------------

OS:DISTRIB_ID=Ubuntu
DISTRIB_RELEASE=18.04
DISTRIB_CODENAME=bionic
DISTRIB_DESCRIPTION="Ubuntu 18.04.4 LTS"
uname:Linux 4.15.0-1065-aws #69-Ubuntu SMP Thu Mar 26 02:17:29 UTC 2020 x86_64
OS uptime: 0 days 12:26 hours
libc:glibc 2.27 NPTL 2.27 
rlimit (soft/hard): STACK 8192k/infinity , CORE 0k/infinity , NPROC 62885/62885 , NOFILE 4096/4096 , AS infinity/infinity , CPU infinity/infinity , DATA infinity/infinity , FSIZE infinity/infinity , MEMLOCK 65536k/65536k
load average:21.84 17.72 9.40

/proc/meminfo:
MemTotal:       16122964 kB
MemFree:          275600 kB
MemAvailable:     195816 kB
Buffers:            5372 kB
Cached:           124244 kB
SwapCached:            0 kB
Active:         15192308 kB
Inactive:          67740 kB
Active(anon):   15131352 kB
Inactive(anon):      516 kB
Active(file):      60956 kB
Inactive(file):    67224 kB
Unevictable:           0 kB
Mlocked:               0 kB
SwapTotal:             0 kB
SwapFree:              0 kB
Dirty:               856 kB
Writeback:             0 kB
AnonPages:      15130632 kB
Mapped:            53864 kB
Shmem:              1148 kB
Slab:             200076 kB
SReclaimable:      48420 kB
SUnreclaim:       151656 kB
KernelStack:       66848 kB
PageTables:       221188 kB
NFS_Unstable:          0 kB
Bounce:                0 kB
WritebackTmp:          0 kB
CommitLimit:     8061480 kB
Committed_AS:   82261492 kB
VmallocTotal:   34359738367 kB
VmallocUsed:           0 kB
VmallocChunk:          0 kB
HardwareCorrupted:     0 kB
AnonHugePages:         0 kB
ShmemHugePages:        0 kB
ShmemPmdMapped:        0 kB
CmaTotal:              0 kB
CmaFree:               0 kB
HugePages_Total:       0
HugePages_Free:        0
HugePages_Rsvd:        0
HugePages_Surp:        0
Hugepagesize:       2048 kB
DirectMap4k:      190440 kB
DirectMap2M:    13133824 kB
DirectMap1G:     3145728 kB

/sys/kernel/mm/transparent_hugepage/enabled:
always [madvise] never
/sys/kernel/mm/transparent_hugepage/defrag (defrag/compaction efforts parameter):
always defer defer+madvise [madvise] never

/proc/sys/kernel/threads-max (system-wide limit on the number of threads):
125770
/proc/sys/vm/max_map_count (maximum number of memory map areas a process may have):
65530
/proc/sys/kernel/pid_max (system-wide limit on number of process identifiers):
32768

container (cgroup) information:
container_type: cgroupv1
cpu_cpuset_cpus: 0-1
cpu_memory_nodes: 0
active_processor_count: 2
cpu_quota: -1
cpu_period: 100000
cpu_shares: -1
memory_limit_in_bytes: -1
memory_and_swap_limit_in_bytes: -2
memory_soft_limit_in_bytes: -1
memory_usage_in_bytes: 15873384448
memory_max_usage_in_bytes: 16029253632

KVM virtualization detected
Steal ticks since vm start: 0
Steal ticks percentage since vm start:  0.000

CPU:total 2 (initial active 2) (2 cores per cpu, 2 threads per core) family 6 model 85 stepping 4, cmov, cx8, fxsr, mmx, sse, sse2, sse3, ssse3, sse4.1, sse4.2, popcnt, avx, avx2, aes, clmul, erms, rtm, 3dnowpref, lzcnt, ht, tsc, tscinvbit, bmi1, bmi2, adx, fma
CPU Model and flags from /proc/cpuinfo:
model name	: Intel(R) Xeon(R) Platinum 8151 CPU @ 3.40GHz
flags		: fpu vme de pse tsc msr pae mce cx8 apic sep mtrr pge mca cmov pat pse36 clflush mmx fxsr sse sse2 ss ht syscall nx pdpe1gb rdtscp lm constant_tsc rep_good nopl xtopology nonstop_tsc cpuid aperfmperf tsc_known_freq pni pclmulqdq ssse3 fma cx16 pcid sse4_1 sse4_2 x2apic movbe popcnt tsc_deadline_timer aes xsave avx f16c rdrand hypervisor lahf_lm abm 3dnowprefetch invpcid_single pti fsgsbase tsc_adjust bmi1 hle avx2 smep bmi2 erms invpcid rtm mpx avx512f avx512dq rdseed adx smap clflushopt clwb avx512cd avx512bw avx512vl xsaveopt xsavec xgetbv1 xsaves ida arat pku ospke
Online cpus:
0-1
Offline cpus:

BIOS frequency limitation:
<Not Available>
Frequency switch latency (ns):
<Not Available>
Available cpu frequencies:
<Not Available>
Current governor:
<Not Available>
Core performance/turbo boost:
<Not Available>

Memory: 4k page, physical 16122964k(274972k free), swap 0k(0k free)

vm_info: OpenJDK 64-Bit Server VM (11.0.9.1+1-Ubuntu-0ubuntu1.18.04) for linux-amd64 JRE (11.0.9.1+1-Ubuntu-0ubuntu1.18.04), built on Nov 10 2020 04:18:42 by "unknown" with gcc 7.5.0

END.
